/usr/local/bin/python3.9 /Users/david_ogirala/git-repos/openlp_formatter/scraper/vidhyarthi_geethavali/scrape_vg.py
https://www.christiandatahouse.com/2023/02/anjoorapu-chetllu-pooyakundinanu-drakshachetllu-phalimpakanu.html - అంజూరపు చెట్లు పూయకుండినను ద్రాక్షచెట్లు ఫలియింపకను
https://www.christiandatahouse.com/2023/02/antha-noothaname-yesulo-antha-noothaname.html - అంతా నూతనమే యేసులో అంతా నూతనమే
https://www.christiandatahouse.com/2023/02/andari-prabhuvu-aa-yese-sundara-rakshakudaayese.html - అందరి ప్రభువు ఆ యేసే సుందర రక్షకుడాయేసే
https://www.christiandatahouse.com/2023/02/andala-aashakiranam-dendaala-chikati-baapen.html - అందాల ఆశాకిరణం డెందాల చీకటి బాపెన్
https://www.christiandatahouse.com/2023/02/adigo-bahumanamu-kreesthu-chentha-nunnadi.html - అదిగో బహుమానము క్రీస్తు చెంత నున్నది
https://www.christiandatahouse.com/2023/02/advitheeya-sathyadevudu-kreesthese-nithyajeevamu.html - అద్వితీయ సత్యదేవుడు క్రీస్తేసె నిత్యజీవము
https://www.christiandatahouse.com/2023/02/anudinam-ninu-dhyaninthunmu-anukshanam-ninu-sthuthiyinthumu.html - అనుదినం నిను ధ్యానింతుము అనుక్షణం నిను స్తుతియింతుము
https://www.christiandatahouse.com/2023/02/apavithrathaku-dooramuga-meeru-paaripovudi.html - అపవిత్రతకు దూరముగా మీరు పారిపోవుడి
https://www.christiandatahouse.com/2023/02/apavithrathanu-dooraparachumu.html - అపవిత్రతను దూరపరచుము
https://www.christiandatahouse.com/2023/02/arpinthu-deva-pranaathmadeham.html - అర్పింతు దేవా ప్రాణాత్మదేహం
https://www.christiandatahouse.com/2023/02/arerare-nedo-repo-vasthadesayya.html - అరెరరె నేడో రేపో వస్తాడేసయ్యా
https://www.christiandatahouse.com/2023/02/alfha-omega-aacharyudaa.html - అల్ఫా ఓమేగ అశ్చర్యుడా
https://www.christiandatahouse.com/2023/02/aakaasamulu-devuni-mahima.html - ఆకాశములు దేవుని మహిమ వివరించుచున్నవి
https://www.christiandatahouse.com/2023/02/aa-jaali-premanu-gamanimpakunduvaa.html	 - ఆ జాలి ప్రేమను గమనింపకుందువా
https://www.christiandatahouse.com/2023/02/aadyantha-rahithuda-aacharyaroopudaaa.html - ఆద్యంత రహితుడా ఆశ్చర్యరూపుడా
https://www.christiandatahouse.com/2023/02/aadi-anantha-devude-needu-balamai-nilchunu.html - ఆది అనంత దేవుడే నీదు బలమై నిల్చును
https://www.christiandatahouse.com/2023/02/aananada-geethamulu-paadi-aashirvadam-aadharana-pondi.html - ఆనంద గీతములు పాడి ఆశీర్వాదం ఆదరణ పొంది
https://www.christiandatahouse.com/2023/02/aaradhana-aaradhana-aaradhana-aaradhana-sarvalokadhipathiki-aaradhana.html - ఆరాధన ఆరాధన ఆరాధన ఆరాధన సర్వలోకాధిపతికి ఆరాధన
https://www.christiandatahouse.com/2023/02/aaradhana-sthuthi-aaradhana-aaradhana-neeke-aaradhana.html - ఆరాధన స్తుతి ఆరాధన ఆరాధన నీకే ఆరాధన
https://www.christiandatahouse.com/2023/02/aaradhana-sthuthi-paathruda-yesaiah-yereethi-ninu-ne-prasthuthinchedanu.html - ఆరాధనా స్తుతి పాత్రుడ యేసయ్యా ఏరీతి నిను నే ప్రస్తుతించెదను
https://www.christiandatahouse.com/2022/02/aaradhinthumu-sthuthinchedamu-aa-prabhu-thyaagamun.html - ఆరాధింతుము స్తుతించెదము ఆ ప్రభు త్యాగమున్
https://www.christiandatahouse.com/2023/02/aacharyamaina-prema-kalvarylo-nee-prema.html - ఆశ్చర్యమైన ప్రేమ కల్వరిలోని ప్రేమ
https://www.christiandatahouse.com/2023/02/aha-mahanandame-iha-parambulan.html - ఆహా మహానందమే ఇహ పరంబులన్
https://www.christiandatahouse.com/2023/02/idhi-kothaku-samayam-pani-vaari-tharunam.html - ఇది కోతకు సమయం పని వారి తరుణం
https://www.christiandatahouse.com/2022/02/idhigo-devaa-naa-jeevitham-aapaadamasthakam-neekankitham.html - ఇదిగో దేవా నా జీవితం ఆపాదమస్తకం నీకంకితం
https://www.christiandatahouse.com/2023/02/idhigo-naa-sevakudu-aathmapoornudu.html - ఇదిగో నా సేవకుడు ఆత్మపూర్ణుడు
https://www.christiandatahouse.com/2023/02/idhigo-mee-raaju-yethenchu-chunnadu.html - ఇదిగో మీ రాజు ఏతెంచు చున్నాడు
https://www.christiandatahouse.com/2023/02/idhi-nijamu-yesu-jananam-ee-dharalo-idhi-charitham.html - ఇది నిజము యేసు జననం ఈ ధరలో ఇది చరితం
https://www.christiandatahouse.com/2023/02/idhi-rakshana-krupakaalam-prabhu-kadaboora-samayam.html - ఇది రక్షణ కృపకాలం ప్రభు కడబూర సమయం
https://www.christiandatahouse.com/2021/12/idhedinam-idhedinam-prabhu-chesinadi.html - ఇదే దినం ఇదే దినం ప్రభు చేసినది
https://www.christiandatahouse.com/2021/12/unnattu-nenu-vachedan.html - ఉన్నట్టు నేను వచ్చెదన్
https://www.christiandatahouse.com/2021/12/unnathamaina-sthalamulo-unnavada-maa-deva.html - ఉన్నతమైన స్థలములలో ఉన్నతుడా మా దేవా
https://www.christiandatahouse.com/2021/12/unnapaatuna-vachuchunnanu-nee-paada.html  - ఉన్న పాటున వచ్చు చున్నాను నీ పాద
https://www.christiandatahouse.com/2021/12/vuhalakandani-lokamlo-vunnatha-simhaseenuda.html - ఊహల కందని లోకములో ఉన్నత సింహాసనమందు
https://www.christiandatahouse.com/2023/02/entha-dooramu-anthuleni-teeramu.html - ఎంత దూరము అంతులేని తీరము
https://www.christiandatahouse.com/2023/02/yedugumu-yesuni-gnanamulo-yedugumu-prabhu-krupalo.html - ఎదుగుము యేసుని జ్ఞానములో ఎదుగుము ప్రభు కృపలో
https://www.christiandatahouse.com/2023/02/eruguduva-neevu-sodara-eruguduva-neevu-sodari.html - ఎరుగుదువా నీవు సోదరా ఎరుగుదువా నీవు సోదరీ
https://www.christiandatahouse.com/2023/02/enno-mellanu-neevu-chesavule-entho-vedhana-tholaginchaavule.html - ఎన్నో మేళ్ళను నీవు చేశావులే ఎంతో వేదన తొలగించావులే
https://www.christiandatahouse.com/2023/02/evaro-paapamandu-nilichaaru-evaro-yesu-pilupu-maricharu.html - ఎవరో పాపమందు నిలిచారు ఎవరో యేసు పిలుపు మరిచారు
https://www.christiandatahouse.com/2023/02/evarainanu-yesayyanu-vembadimpagorin.html - ఎవరైనను యేసయ్యను వెంబడింపగోరిన
https://www.christiandatahouse.com/2023/02/yedenu-thotalo-aadamu-chesina-paapam.html - ఏదేను తోటలో ఆదాము చేసిన పాపం
https://www.christiandatahouse.com/2023/02/yemanchi-leni-nannu-preminchaavu-nee-pranamicchi-nannu-rakshinchaavu.html - ఏమంచి లేని నన్ను ప్రేమించావు నీ ప్రాణమిచ్చి నన్ను రక్షించావు
https://www.christiandatahouse.com/2021/12/oke-oka-maarghamu-oke-aadhaaramu.html - ఒకే ఒక మార్గము ఒకే ఆధారము
https://www.christiandatahouse.com/2023/02/oh-deva-yesayya-naa-hrudayam-nee-nilayam.html - ఓ దేవా! యేసయ్యా నా హృదయం నీ నిలయం
https://www.christiandatahouse.com/2023/02/oh-prabhu-yesu-neeve-daivam-neeve-jeevam.html - ఓ ప్రభు యేసు నీవే దైవం నీవే జీవం
https://www.christiandatahouse.com/2023/02/0h-prabhu-yesayya-nee-paada-sannidhi-sreshtamainadi.html - ఓ ప్రభూ యేసయ్యా, నీ పాద సన్నిధి శ్రేష్ఠమైనది
https://www.christiandatahouse.com/2021/12/oh-prardhana-su-prardhana-nee-prabhavambun-marathunaa.html - ఓ ప్రార్థనా సు ప్రార్థనా నీ ప్రాభవంబున్
https://www.christiandatahouse.com/2023/02/oh-prema-swaroopa-oh-prema-swaroopa.html - ఓ ప్రేమ స్వరూప ఓ ప్రేమ స్వరూప
https://www.christiandatahouse.com/2023/02/oh-niraashajeevi-neekika-aashale-migala-ledha.html - ఓ నిరాశజీవి నీకిక ఆశలే మిగలలేదా?
https://www.christiandatahouse.com/2023/02/oh-yesudeva-maa-jeevana-daatha.html - ఓ యేసుదేవా మా జీవన దాత
https://www.christiandatahouse.com/2023/02/oh-yesu-nee-prema-entho-mahaneeyamu.html - ఓ యేసు నీ ప్రేమ ఎంతో మహనీయము
https://www.christiandatahouse.com/2023/02/oranna-oranna-yesuku-saati-vere-leranna.html - ఓరన్నా ఓరన్నా యేసుకు సాటి వేరే లేరన్నా
https://www.christiandatahouse.com/2022/02/oh-vishwaasa-veerudaa-yemaaye-needu-payanamu.html - ఓ విశ్వాస వీరుడా ఏమాయె నీదు పయనము
https://www.christiandatahouse.com/2023/02/kadaboora-mroguthundi-aamegham-vanguthundi.html - కడబూర మ్రోగుతుంది ఆమేఘం వంగుతుంది
https://www.christiandatahouse.com/2023/02/kadugumu-deva-kadu-dayatho-nannu-juduma.html - కడుగుము దేవా కడు దయతో నన్ను జూడుమా
https://www.christiandatahouse.com/2023/02/kadalirammu-kraisthava-yuvaka-kalasi-rammu-kreesthuraju-sevalo.html - కదలిరమ్ము క్రైస్తవ యువకా కలసి రమ్ము క్రీస్తురాజు సేవలో
https://www.christiandatahouse.com/2021/12/kannulanetti-pairula-chudu-koyaga-lerevvaru.html - కన్నులనెత్తి పైరుల చూడు కోయగ లేరెవ్వరు
https://www.christiandatahouse.com/2023/02/kalasi-jeevinchedam-kalasi-panichesedam-kalasi-prardhinchedam-maadeva.html - కలసి జీవించెదం కలసి పనిచేసెదం కలసి ప్రార్ధించెదం మాదేవా
https://www.christiandatahouse.com/2022/03/kaluvari-giri-nundi-pilichina-naa-yesu.html - కలువరి గిరి నుండి పిలిచిన నా యేసు
https://www.christiandatahouse.com/2021/12/calvarygirilona-silvalo-sriyesu.html - కల్వరిగిరిలోన సిల్వలో శ్రీయేసు పలు బాధలొందెను
https://www.christiandatahouse.com/2023/02/kaaru-chikati-krammina-jagathilo-chirudivvega-nee-kaanthi-nandimpa.html - కారు చీకటి క్రమ్మిన జగతిలో చిరుదివ్వెగ నీ కాంతి నందింప
https://www.christiandatahouse.com/2023/02/kalejilo-cheranu-leziga-maaraanu.html - కాలేజిలో చేరాను లేజీగా మారాను
https://www.christiandatahouse.com/2021/12/kummari-oh-kummari-jagaduthppatthidaari.html - కుమ్మరీ ఓ కుమ్మరీ జగదుత్పత్తిదారీ
https://www.christiandatahouse.com/2021/12/kruthaghnathan-talavanchi-naadu-jeevamu-arpinthunu.html - కృతజ్ఞతన్ తలవంచి నాదు జీవము అర్పింతును
https://www.christiandatahouse.com/2023/02/krupa-kanikaramula-deva-neekai-paadeda-sthuthi-geethamul.html - కృప కనికరముల దేవా నీకై పాడెద స్తుతి గీతముల్
https://www.christiandatahouse.com/2023/02/krupabharithunda-yesu-nee-premane-sthuthiyinthu.html - కృపాభరితుండ యేసు నీ ప్రేమనే స్తుతియింతు
https://www.christiandatahouse.com/2021/12/krupaamayudaa-neelona-nivasimpajesinandhunaa.html - కృపామయుడా నీలోన నివసింపజేసినందున
https://www.christiandatahouse.com/2023/02/kriyalu-leni-vishvasamu-mruthamu-oh-sodhara.html - క్రియలు లేని విశ్వాసము మృతము ఓ సోదరా
https://www.christiandatahouse.com/2023/02/kreesthuni-vembadimpa-gorina-yuvakuda.html - క్రీస్తుని వెంబడింప గోరిన యువకుడా
https://www.christiandatahouse.com/2021/12/kreesthuni-swaramu-vindunu-prabhuve-palikinappudu.html - క్రీస్తుని స్వరము విందును ప్రభువే పలికినప్పుడు
https://www.christiandatahouse.com/2023/02/kreesthesuni-sainikulam-priyaprabhuni-sevakulam.html - క్రీస్తేసుని సైనికులం ప్రియప్రభుని సేవకులం
https://www.christiandatahouse.com/2023/02/kreesthesulo-ikhyatha-korudama.html - క్రీస్తేసులో ఐక్యత కోరుదమా
https://www.christiandatahouse.com/2023/02/kraisthavama-yuvatharama-prabhuniyande-niluvuma.html - క్రైస్తవమా యువతరమా ప్రభునియందే నిలువుమా
https://www.christiandatahouse.com/2023/02/kraisthava-meluko-kreesthulo-ninnu-chuchuko.html - క్రైస్తవా మేలుకో క్రీస్తులో నిన్ను చూచుకో
https://www.christiandatahouse.com/2021/12/gaganame-cheelchukoni-yesu-ghanulanu-theesikoni.html - గగనము చీల్చుకొని యేసు ఘనులను తీసికొని
https://www.christiandatahouse.com/2021/12/ghadaandhakaaramulo-ne-nadachina-velalo-kanti-paapavale.html - గాఢాంధకారములో నే నడచిన వేళలో కంటి పాపవలె
https://www.christiandatahouse.com/2023/02/goppadeva-nadipinchumu-aranyamulo-yathrikudanu.html - గొప్పదేవా నడిపించుము అరణ్యములో యాత్రికుడను
https://www.christiandatahouse.com/2022/02/ghanadaiva-diviteja-darsinchumu-mahimaathmatho.html - ఘనదైవ దివితేజ దర్శించుము మహిమాత్మతో
https://www.christiandatahouse.com/2023/02/challa-challani-gaali-thummeda-hoo-hoo-hoo.html - చల్ల చల్లని గాలి తెమ్మెర హో...హో... హో...
https://www.christiandatahouse.com/2021/12/chaatinchudi-manushyajaathi-kesu-naamamu.html - చాటించుఁడి మనుష్యజాతి కేసు నామము
https://www.christiandatahouse.com/2021/12/chikati-kaalamu-vachuchunde.html - చీకటి కాలము వచ్చుచుండె
https://www.christiandatahouse.com/2021/12/chudumu-ee-kshename-calvaryni.html - చూడుము ఈ క్షణమే కల్వరిని
https://www.christiandatahouse.com/2023/02/chudumu-opapi-siluvalo-nee-paapam.html - చూడుము ఓపాపి సిలువలో నీ పాపం
https://www.christiandatahouse.com/2023/02/cheyi-cheyi-kalipi-yesu-manasunu-kaligi.html - చేయి చేయి కలిపి యేసు మనసును కలిగి
https://www.christiandatahouse.com/2023/02/cheri-kolvudi-sthuthinchudi-sriyesuni.html - చేరి కొల్వుడీ స్తుతించుడీ శ్రీయేసుని
https://www.christiandatahouse.com/2023/02/jagathini-preminchi-pranamu-pettina-premamayudaa.html - జగతిని ప్రేమించి ప్రాణము పెట్టిన ప్రేమామయుడా
https://www.christiandatahouse.com/2023/02/jaya-geethametthi-paadare-vijaya-bherine-mroyimpare.html - జయ గీతమెత్తి పాడరే విజయ భేరినే మ్రోయింపరే
https://www.christiandatahouse.com/2023/02/jayamani-padedam-vijayamu-chaatedam.html - జయమని పాడెదం విజయము చాటెదం
https://www.christiandatahouse.com/2023/02/jayamani-paadedamu-yesuni-chaatedamu.html - జయమని పాడెదము యేసుని చాటెదము
https://www.christiandatahouse.com/2023/02/jayamu-kreesthu-jaya-jaya-livigo.html - జయము క్రీస్తూ జయ జయ లివిగో
https://www.christiandatahouse.com/2021/12/jaya-vijayamani-paadudamaa-jaya-vijayudagu-yesunaku.html - జయ విజయమని పాడుదమా జయ విజయుడగు యేసునకు
https://www.christiandatahouse.com/2021/12/jeevanadhini-naa-hrudhayamulo-pravahimpa-cheyumaya.html - జీవనదిని నా హృదయములో ప్రవహింప చేయుమయా
https://www.christiandatahouse.com/2023/02/jeevamu-neeve-nakai-chaavaga-naapaapambadi-entho-ghoram-deva.html - జీవము నీవే నాకై చావగ నాపాపంబది ఎంతో ఘోరం దేవా
https://www.christiandatahouse.com/2021/12/jeevinchuchunnadu-yesuprabhu.html - జీవించుచున్నాడు యేసుప్రభు
https://www.christiandatahouse.com/2022/02/jeevithamanthaa-nee-prema-gaanam-pranuthinthumo-devaa.html - జీవితమంతా నీ ప్రేమ గానం ప్రణుతింతుమో దేవా
https://www.christiandatahouse.com/2023/02/jeevithamuna-tanara-devuni-parimala-monara.html - జీవితమున తనర దేవుని పరిమళ మొనర
https://www.christiandatahouse.com/2021/12/jeevitha-yathralo-naadu-guri-neevegaa.html - జీవిత యాత్రలో నాదు గురి నీవేగా
https://www.christiandatahouse.com/2023/02/thandriki-priyamaina-pillalam-munduku-saagi-velledam.html - తండ్రికి ప్రియమైన పిల్లలం ముందుకు సాగి వెళ్ళెదం
https://www.christiandatahouse.com/2021/12/thandri-kumara-suddhathumudaa-thriyeka-devudaa.html - తండ్రి కుమార శుద్ధాత్ముడా త్రియేక దేవుడా
https://www.christiandatahouse.com/2023/02/thandri-nanu-pampinatlu-nenu-mimmunu.html - తండ్రి నను పంపినట్లు నేను మిమ్మును
https://www.christiandatahouse.com/2021/12/thanuvu-naa-didigo-gai-konumee-yo-prabhuvaa.html - తనువు నా దిదిగో గై కొనుమీ యో ప్రభువా
https://www.christiandatahouse.com/2022/02/thalliyaina-marachunemo-nenu-maruvanu.html - తల్లియైన మరచునేమో నేను మరువను
https://www.christiandatahouse.com/2023/02/teliyuna-neeku-oh-maanava-yesu-paapula-rakshakudu-ani.html - తెలియునా నీకు ఓ మానవా యేసు పాపుల రక్షకుడు అని
https://www.christiandatahouse.com/2023/02/drakshavalli-prabhuyesu-teegavale-nenundunu.html - ద్రాక్షవల్లి ప్రభుయేసే తీగవలె నేనుందును
https://www.christiandatahouse.com/2021/12/dinadinabu-yesuku-daggaragaa-cheruthaa.html - దినదినంబు యేసుకు దగ్గరగా చేరుతా
https://www.christiandatahouse.com/2022/02/dhooramarigina-chinni-thanayaa-thandri-intiki-maraliraa.html - దూరమరిగిన చిన్ని తనయా తండ్రి ఇంటికి మరలిరా
https://www.christiandatahouse.com/2021/12/deva-samsthuthi-cheyave-manasaa.html - దేవ సంస్తుతి చేయవే మనసా
https://www.christiandatahouse.com/2023/02/deva-koniyadi-paadi-keerthinthumu-sthuthiyinthumu.html - దేవా కొనియాడి పాడి కీర్తింతుము స్తుతియింతుము
https://www.christiandatahouse.com/2023/02/deva-nee-athidhiga-nenundagalanaa.html - దేవా నీ అతిధిగా నేనుండగలనా
https://www.christiandatahouse.com/2023/02/deva-nee-kaaryamulu-entha-yadhbhuthamulu.html - దేవా నీ కార్యములు ఎంత యద్భుతములు
https://www.christiandatahouse.com/2023/02/deva-nee-naamam-paavana-dhaamam.html - దేవా నీ నామం పావన ధామం
https://www.christiandatahouse.com/2021/12/devaa-nee-naamam-balamainadi-nee-naamam.html - దేవా నీ నామం బలమైనది నీ నామం
https://www.christiandatahouse.com/2022/02/devudu-chesina-dinamide-ninnati-repati-vale-kaadu.html - దేవుడు చేసిన దినమిదే నిన్నటి రేపటి వలె కాదు
https://www.christiandatahouse.com/2023/02/devudokadunnadani-aalochinchavaa.html - దేవుడొకడున్నాడని ఆలోచించవా
https://www.christiandatahouse.com/2023/02/devuni-yodutha-yogyuniga-neevu-eppudu-kanabaduma.html - దేవుని యెదుట యోగ్యునిగా నీవు ఎప్పుడు కనబడుమా
https://www.christiandatahouse.com/2023/02/devuni-koraku-naa-pranamu-trushnagonuchunnadi.html - దేవుని కొరకు నా ప్రాణము తృష్ణగొనుచున్నది
https://www.christiandatahouse.com/2022/02/devunitho-jatha-panivaaramu-rayamuna-saagedamu.html - దేవునితో జత పనివారము రయమున సాగెదమ
https://www.christiandatahouse.com/2023/02/devuni-pilupunu-vinumu-parishuddhapilupadi-chudu.html - దేవుని పిలుపును వినుము పరిశుద్ధపిలుపది చూడు
https://www.christiandatahouse.com/2023/02/devuni-priyamagu-janangama-suvaartha-sevalo-saaguduma.html - దేవుని ప్రియమగు జనాంగమా సువార్త సేవలో సాగుదుమా
https://www.christiandatahouse.com/2021/12/devuni-vaarasulam-prema-nivaasulamu.html - దేవుని వారసులం ప్రేమ నివాసులము
https://www.christiandatahouse.com/2023/02/dehamunu-devuniki-sajeeva-yaagamugaanu.html - దేహమును దేవునికి సజీవ యాగముగాను
https://www.christiandatahouse.com/2022/02/daiva-darshanam-korumu-daiva-mahimanu-vedakumu.html	 - దైవ దర్శనం కోరుము దైవ మహిమను వెదకుము
https://www.christiandatahouse.com/2023/02/daivasuthuni-premakanna-minna-yemunnadi.html - దైవసుతుని ప్రేమకన్న మిన్న ఏమున్నది
https://www.christiandatahouse.com/2023/02/daivasotthayina-janama-lemmu.html - దైవసొత్తయిన జనమా లెమ్ము
https://www.christiandatahouse.com/2021/12/daivam-prema-swaroopam-premaku-bhashyam.html - దైవం ప్రేమ స్వరూపం ప్రేమకు భాష్యం
https://www.christiandatahouse.com/2023/02/dharmashashthramu-devuni-hasthamu-thodunilabadunu.html - ధర్మశాస్త్రము దేవుని హస్తము తోడునిలబడును
https://www.christiandatahouse.com/2023/02/nadichedan-deva-nenu-nadichedan-deva.html - నడిచెదన్ దేవా నేను నడిచెదన్ దేవా
https://www.christiandatahouse.com/2022/01/nadipinchu-naa-naava-nadi-sandhramuna-deva.html - నడిపించు నా నావా నడి సంద్రమున దేవా
https://www.christiandatahouse.com/2022/02/najarethuvaadaa-ninnu-chudaali-naa-yesunaadhaa-ninnu-cheraali.html - నజరేతువాడా నిన్ను చూడాలి నా యేసునాధా నిన్ను చేరాలి
https://www.christiandatahouse.com/2023/02/nannu-preminchuchunnaavaa-nannu-preminchuchunnaavaa.html - నన్ను ప్రేమించుచున్నావా? నన్ను ప్రేమించుచున్నావా?
https://www.christiandatahouse.com/2023/02/nannu-preminchuchunnaavaa-nannu-preminchuchunnaavaa.html - నశియించు ఆత్మలను రక్షింప యేసుప్రభూ
https://www.christiandatahouse.com/2022/02/nasinchu-aathmalenno-naa-chenthane-yundagaa.html - నశించు ఆత్మలెన్నో నా చెంతనే యుండగ
https://www.christiandatahouse.com/2023/02/nashiyinchu-aathmalu-nee-chentha-nunda-gamaninchava-sodara.html - నశియించు ఆత్మలు నీ చెంత నుండ గమనించవా సోదరా
https://www.christiandatahouse.com/2023/02/nashiyinchu-aathmalenniyo-chejari-povuchundaga.html - నశియించు ఆత్మలెన్నియో చేజారి పోవుచుండగా
https://www.christiandatahouse.com/2023/02/naakaanandamu-kaaranamide-paapabhaaramanthapoyenu.html - నాకానందము కారణమిదే పాపభారమంతపోయెను
https://www.christiandatahouse.com/2023/02/naakemi-koduva-inka-yesayya.html - నాకేమి కొదువ యింక యేసయ్యా
https://www.christiandatahouse.com/2023/02/naakai-cheelchabadina-oh-anantha-nagama.html - నాకై చీల్చబడిన ఓ అనంత నగమా
https://www.christiandatahouse.com/2022/01/naa-jeevam-naa-sarvam-neeve-deva.html - నా జీవం నా సర్వం నీవే దేవా
https://www.christiandatahouse.com/2022/01/naa-jeevitha-vyadhalandu-yese-javaabu.html - నా జీవిత వ్యధలందు యేసే జవాబు
https://www.christiandatahouse.com/2023/02/naa-pranama-nee-vela-krungithivi.html - నా ప్రాణమా నీ వేల క్రుంగితివి
https://www.christiandatahouse.com/2023/02/naa-priyamaina-sodaruda-prabhuvu-nandu-kumaruda.html - నా ప్రియమైన సోదరుడా ప్రభవు నందు కుమారుడా
https://www.christiandatahouse.com/2023/02/naa-priyayesu-naa-prabhuyesu.html - నా ప్రియయేసూ నా ప్రభుయేసూ
https://www.christiandatahouse.com/2022/01/naa-priya-yesu-raajaa-aaduko-nannepudu.html - నా ప్రియ యేసు రాజా ఆదుకో నన్నెపుడు
https://www.christiandatahouse.com/2022/01/naa-pere-teliyani-prajalu-endharo-vunnaru.html - నా పేరే తెలియని ప్రజలు ఎందరో ఉన్నారు
https://www.christiandatahouse.com/2022/02/naa-yesuni-premakannaa-minna-yemunnadi.html - నా యేసుని ప్రేమకన్నా మిన్న ఏమున్నది
https://www.christiandatahouse.com/2023/02/naa-yesu-prema-entho-madhuram.html - నా యేసు ప్రేమ ఎంతో మధురం
https://www.christiandatahouse.com/2023/02/-naa-yodda-nerchukonudi-naa-kaadine-yetthi-konudi.html - నా యొద్ద నేర్చుకొనుడి నా కాడినే ఎత్తి కొనుడి
https://www.christiandatahouse.com/2023/02/naa-rakshakudesu-sajeevunde-sthothram-halleluya.html - నా రక్షకుడేసు సజీవుండే స్తోత్రం హల్లెలూయ
https://www.christiandatahouse.com/2023/02/ninginela-maarina-maarani-vaakhyam.html - నింగినేల మారినా మారని వాక్యం
https://www.christiandatahouse.com/2023/02/nithyam-nadichedam-nee-baatalo.html - నిత్యం నడిచెదం నీ బాటలో
https://www.christiandatahouse.com/2023/02/ninu-pilichina-vaadagu-yesu-naadhudu-parishuddhudu.html - నిను పిలిచిన వాడగు యేసు నాధుడు పరిశుద్ధుడు
https://www.christiandatahouse.com/2022/01/ninnu-vembadincheda-nee-kaadi-moyudun.html - నిన్ను వెంబడించెద నీ కాడి మోయుదున్
https://www.christiandatahouse.com/2022/01/ninne-preminthunu-ninne-preminthunu-ninne-preminthunu.html - నిన్నే ప్రేమింతును నిన్నే ప్రేమింతును నిన్నే ప్రేమింతును
https://www.christiandatahouse.com/2023/02/niratham-neeke-sthuthi-sthothramul-yesu-naa-raaja-naa-deva.html - నిరతం నీకే స్తుతి స్తోత్రముల్ యేసూ నా రాజ నా దేవా
https://www.christiandatahouse.com/2023/02/nireekshanatho-panicheyudamu-rakshana-vaarthanu-chaatedamu.html - నిరీక్షణతో పనిచేయుదము రక్షణ వార్తను చాటెదము
https://www.christiandatahouse.com/2023/02/nilakada-konasagedama-parishudda-lekhanamulayandu.html - నిలకడగా కొనసాగెదమా పరిశుద్ధ లేఖనములయందు
https://www.christiandatahouse.com/2023/02/nee-krupaye-nannu-karuninchenu-nee-maatale-nannu-brathikinchenu.html - నీ కృపయే నన్ను కరుణించెన నీ మాటలే నన్ను బ్రతికించెను
https://www.christiandatahouse.com/2023/02/neeke-sthothramulu-deva-neeke-sthothramulu.html - నీకే స్తోత్రములు దేవా నీకే స్తోత్రములు
https://www.christiandatahouse.com/2023/02/nee-chitthame-nee-chitthame-nee-chitthame-siddhinchu-prabhu.html - నీ చిత్తమే నీ చిత్తమే నీ చిత్తమే సిద్ధించు ప్రభూ
https://www.christiandatahouse.com/2023/02/nee-jeevitham-kshanabhanguram-nee-yavvanam-thrunapraayam.html - నీ జీవితం క్షణభంగురం నీ యవ్వనం తృణప్రాయం
https://www.christiandatahouse.com/2022/01/nee-jeevithamlo-gamyambuyedo-okasari-yochinchavaa.html - నీ జీవితములో గమ్యంబుయేదో ఒకసారి యోచించవా
https://www.christiandatahouse.com/2022/01/nee-jeevitham-viluvainadi-yenaadu-yemaaraku.html - నీ జీవితం విలువైనది ఏనాడు ఏమరకు
https://www.christiandatahouse.com/2022/01/neeti-yuta-yodda-naata-badithivi.html - నీటి యూట యొద్ద నాట బడితిమి
https://www.christiandatahouse.com/2023/02/neethi-nivasinche-lokamlo-kreesthu-paalinche-raajyamulo.html - నీతి నివసించే లోకంలో క్రీస్తు పాలించే రాజ్యములో
https://www.christiandatahouse.com/2022/01/neethimanthula-praardhana-devudaalakinchunu.html - నీతిమంతుల ప్రార్థన దేవుడాలకించును
https://www.christiandatahouse.com/2022/01/neethimanthula-praardhana-devudaalakinchunu.html - నీ నామమే ఎంతో పావనము యేసయ్యా
https://www.christiandatahouse.com/2023/02/nee-priya-prabhuni-sevakai-arpinchuko-neeve.html - నీ ప్రియ ప్రభుని సేవకై అర్పించుకో నీవే
https://www.christiandatahouse.com/2023/02/nee-prema-batalo-ne-payanincheda-naa-yesuraja.html - నీ ప్రేమ బాటలో నే పయనించెద నా యేసురాజా
https://www.christiandatahouse.com/2023/02/nee-prema-nee-shakthi-neeve-naalona.html - నీ ప్రేమ నీ శక్తి నీవే నాలోన
https://www.christiandatahouse.com/2023/02/nee-preme-naakentho-madhuram-nee-maate-naakentho-jeevam.html - నీ ప్రేమే నాకెంతో మధురం నీ మాటే నాకెంతో జీవం
https://www.christiandatahouse.com/2023/02/nee-bhayamandu-nadichedamu-prabhuva-neelo-jeevinthumu.html - నీ భయమందు నడిచెదము ప్రభువా నీలో జీవింతుము
https://www.christiandatahouse.com/2022/02/nee-raksthamulo-nanu-kadigithivi-parishuddhuni-chesithivi.html - నీ రక్తముతో నను కడిగితివి పరిశుద్ధుని చేసితివి
https://www.christiandatahouse.com/2023/02/nee-vaakhyamu-naa-paadamulaku-deepamu-deepamu.html - నీ వాక్యము నా పాదములకు దీపము దీపము
https://www.christiandatahouse.com/2023/02/nee-vaakhyame-naadu-jeevamu-nee-pilupe-naa-dhyanamu.html - నీ వాక్యమే నాదు జీవము నీ సిలువే నా ధ్యానము
https://www.christiandatahouse.com/2022/01/neevu-chesina-vupakaaramulaku-nenemi-chellinthunu.html - నీవు చేసిన ఉపకారములకు నేనేమి చెల్లింతును
https://www.christiandatahouse.com/2023/02/neeve-neeve-inthakaalam-kaachithivi-deva.html - నీవే నీవే యింతకాలం కాచితివి దేవా
https://www.christiandatahouse.com/2023/02/neeve-yesayya-neevenayya-maranamu-gelichina-veeduda-neevayya.html - నీవే యేసయ్యా నీవేనయ్యా మరణము గెలిచిన వీరుడ నీవయ్యా
https://www.christiandatahouse.com/2023/02/nee-sotthu-nenenayya-yesayya.html - నీ సొత్తు నేనేనయ్యా యేసయ్యా నా దేవా నావన్నీ నీవేగా
https://www.christiandatahouse.com/2023/02/noothana-darisanamimmu-prabhuva.html - నూతన దరిశనమిమ్ము ప్రభువా
https://www.christiandatahouse.com/2023/02/nenunu-naa-intivaarunu-yehovanu-sevinchedamu.html - నేనును నా యింటివారును యెహోవానే సేవించెదము
https://www.christiandatahouse.com/2023/02/ne-yesune-koreda-chereda-ne-yesutho-saageda-nadicheda.html - నే యేసునే కోరెద చేరెద నే యేసుతో సాగెద నడిచెద
https://www.christiandatahouse.com/2023/02/nerchukondunu-ne-nerchukondunu.html - నేర్చుకొందును నే నేర్చుకొందును
https://www.christiandatahouse.com/2023/02/ne-saageda-yesuni-maarghamulo-ne-paadeda-hosanna-helleluya.html - నే సాగెద యేసుని మార్గములో నే పాడెద హోసన్న హల్లెలూయ
https://www.christiandatahouse.com/2022/02/padandi-podaam-padandi-podaam-kreesthuni-sishyulaamugaa.html - పదండి పోదాం పదండి పోదాం క్రీస్తుని శిష్యులాముగా
https://www.christiandatahouse.com/2022/01/parama-jeevamu-naaku-nivva-thirigi-lechenu-naathonundaa.html - పరమ జీవము నాకు నివ్వ తిరిగి లేచెను నాతోనుండా
https://www.christiandatahouse.com/2022/01/parama-thandri-karamuletthi-sthuthula-narpinthumu.html - పరమతండ్రి కరములెత్తి స్తుతుల నర్పింతుము
https://www.christiandatahouse.com/2023/02/parama-thandri-ninnu-keerthinthunu.html - పరమ తండ్రీ నిన్ను కీర్తింతును
https://www.christiandatahouse.com/2023/02/paramandali-deva-parishudda-prabhuva-yesayya-sthothramaya.html - పరమందలి దేవా పరిశుద్ధ ప్రభువా యేసయ్యా స్తోత్రమయా
https://www.christiandatahouse.com/2023/02/paraloka-dwaramu-terachi-aathmabhishekamu-nimmu.html - పరలోక ద్వారము తెరచి ఆత్మాభిషేకము నిమ్ము
https://www.christiandatahouse.com/2023/02/paralokamu-nodali-naralokamu-ketenchi-dharaaralamuna-nadichina-deva.html - పరలోకము నొదలి నరలోకము కేతెంచి ధరాతలమున నడిచిన దేవా
https://www.christiandatahouse.com/2023/02/parinathi-leni-nee-hrudayam-phalamulu-leni-jeevitham.html - పరిణతి లేని నీ హృదయం ఫలములు లేని జీవితం
https://www.christiandatahouse.com/2023/02/parishudda-janama-paraloka-janama.html - పరిశుద్ధ జనమా పరలోక జనమా
https://www.christiandatahouse.com/2022/02/parishudda-devaa-paraloka-nivaasa-paadeda-sthuthi-neeke-parama-dhoothalatho.html - పరిశుద్ధ దేవా పరలోక నివాస పాడెద స్తుతి నీకే పరమ దూతలతో
https://www.christiandatahouse.com/2023/02/parishuddhamuga-ila-jeevincheda-pavithra-parachukondu-naa-devaa.html - పరిశుద్ధముగ యిల జీవించెదా పవిత్ర పరచుకొందు నా దేవా
https://www.christiandatahouse.com/2023/02/parishuddhamuga-jeevinchedanu-paralokapu-nee-pilipunaku.html - పరశుద్ధముగా జీవించెదను పరలోకపు నీ పిలుపుకు
https://www.christiandatahouse.com/2023/02/parishudhaathma-rammu-parishudhaathma-rammu.html - పరిశుద్ధాత్మ రమ్ము పరిశుద్ధాత్మ రమ్ము
https://www.christiandatahouse.com/2023/02/parishuddhuda-paripurnuda-paraloka-teja-paramonnatha.html - పరిశుద్ధుడా పరిపూర్ణుడా పరలోక తేజ పరమోన్నతా
https://www.christiandatahouse.com/2023/02/parishodinthunu-paatinchedanu-prakatinthunu-deva-nee-jeeva-vaakhyamunu.html - పరిశోధింతును పాటించెదను ప్రకటింతును దేవా నీ జీవ వాక్యమును
https://www.christiandatahouse.com/2022/01/paadeda-deva-nee-krupalan-noothana-geethamulan.html - పాడెద దేవ నీ కృపలన్ నూతన గీతములన్
https://www.christiandatahouse.com/2022/01/paapaaniki-jeetham-maranam-paapiki-yese-seranam.html - పాపానికి జీతం మరణం పాపికి యేసే శరణం
https://www.christiandatahouse.com/2022/02/paapaala-bhaarambu-mosi-parithaapa-mondeti-prajala.html - పాపాల భారంబు మోసి పరితాప మొందేటి ప్రజల
https://www.christiandatahouse.com/2022/01/pondithini-nenu-prabhuvaa-nee-nundi.html - పొందితిని నేను ప్రభువా నీ నుండి
https://www.christiandatahouse.com/2023/02/prathi-udayamuna-sadayuni-cheri-prardinchi-prabhuni-stuthiyinchumu.html - ప్రతి ఉదయమున సదయుని చేరి ప్రార్థించి ప్రభుని స్తుతియించుము
https://www.christiandatahouse.com/2023/02/prabhukreesthy-nijadaivamu-vibhudesu-sajeevudu.html - ప్రభుక్రీస్తే నిజదైవము విభుడేసు సజీవుడు
https://www.christiandatahouse.com/2023/02/prabhu-panilo-nilachi-yundi-sthiramuga-konasaageda.html - ప్రభు పనిలో నిలచి యుండి స్థిరముగ కొనసాగెదమా
https://www.christiandatahouse.com/2023/02/prabhu-yesu-aagamanam-adi-devuni-aadheenam.html - ప్రభు యేసు ఆగమనం అది దేవుని అధీనం
https://www.christiandatahouse.com/2023/02/prabhuva-deva-parama-thanaya-mahima-ghanatha-sthuthi-neeke.html - ప్రభువా దేవా పరమ తనయా మహిమ ఘనత స్తుతి నీకే
https://www.christiandatahouse.com/2023/02/prabhuva-nee-divya-prema-sakalabicchenu.html - ప్రభువా నీదివ్యప్రేమ సకలంబిచ్చెను
https://www.christiandatahouse.com/2023/02/prabhuva-nee-sishyudanu-neethone-yundedanu.html - ప్రభువా నీ శిష్యుడను నీతోనే యుండెదను
https://www.christiandatahouse.com/2022/02/prabhuvaa-pampumu-prabhuvaa-nimpumu.html - ప్రభువా పంపుము ప్రభువా నింపుము
https://www.christiandatahouse.com/2023/02/prabhuva-prabhuva-prabhuva-parishudda-talampulanu.html - ప్రభువా ప్రభువా ప్రభువా పరిశుద్ధ తలంపులను
https://www.christiandatahouse.com/2023/02/prabhuva-sahayamu-nimmu-vibhuda-nee-sannidhi-nimmu.html - ప్రభువా సహాయము నిమ్ము విభుడా నీ సన్నిధి నిమ్ము
https://www.christiandatahouse.com/2022/01/praardhana-vinedi-paavanudaa-praardhana-maaku-nerpumayaa.html - ప్రార్థన వినెడి పావనుడా ప్రార్థన మాకు నేర్పుమయా
https://www.christiandatahouse.com/2022/02/priya-yesunaadha-pani-cheya-nerpu.html - ప్రియ యేసునాథ పని చేయ నేర్పు
https://www.christiandatahouse.com/2023/02/priya-yesuni-sainyapu-veerulamu-prabhuyesutho-nadachedamu.html - ప్రియ యేసుని సైన్యపు వీరులము ప్రభుయేసుతో నడచెదము
https://www.christiandatahouse.com/2023/02/prematho-sathyamutho-kreesthesunboli-eduguma.html - ప్రేమతో సత్యముతో క్రీస్తేసున్బోలి ఎదుగుమా
https://www.christiandatahouse.com/2023/02/prema-swaroopi-yesuni-cheredava-koredava.html - ప్రేమ స్వరూపి యేసుని చేరెదవా! కోరెదవా!
https://www.christiandatahouse.com/2023/02/preminchi-poojinchedam-keerthinchi-ghanaparachedam.html - ప్రేమించి పూజించెదం కీర్తించి ఘనపరచెదం
https://www.christiandatahouse.com/2023/02/bhavitharaniki-baataga-levali-nee-saakhshyam.html - భావితరానికి బాటగా లేవాలి నీ సాక్ష్యం
https://www.christiandatahouse.com/2023/02/manchi-devuda-neeve-maarpunondani-deva.html - మంచి దేవుడ నీవే మార్పునొందని దేవా
https://www.christiandatahouse.com/2023/02/mana-desham-kanaanu-desham.html - మన దేశం కానాను దేశం
https://www.christiandatahouse.com/2023/02/manamandaramu-kalasi-prabhu-sannidhilo-nilichi.html - మనమందరము కలిసి ప్రభు సన్నిధిలో నిలిచి
https://www.christiandatahouse.com/2022/01/mandalo-cherani-gorrelenno-kotla-koladigaa-kalavu-ila.html - మందలో చేరని గొర్రెలెన్నో కోట్ల కొలదిగా కలవు ఇల
https://www.christiandatahouse.com/2023/02/mahadeva-mahonnthuda-anantha-aadi-amaravaani.html - మహాదేవా మహోన్నతుడా అనంత ఆది అమరవాణి
https://www.christiandatahouse.com/2023/02/maraninchi-samaadhi-gelichi-dharaleche-prabhundegadaa.html - మరణించి సమాధి గెలిచి ధరలేచే ప్రభుండేగదా
https://www.christiandatahouse.com/2023/02/marala-kattudamu-randi-yuvathi-yuvakulaaraa.html - మరలా కట్టుదము రండి యువతీ యువకులారా
https://www.christiandatahouse.com/2023/02/mahima-kaanthilo-madhura-shaanthilo-jeevimparammu.html - మహిమ కాంతిలో మధుర శాంతిలో జీవింపరమ్ము
https://www.christiandatahouse.com/2023/02/mahimaanvitha-yesu-mahaghanudaa.html - మహిమాన్విత యేసూ మహాఘనుడా
https://www.christiandatahouse.com/2023/02/maa-yesu-maa-aasha-maa-raja-maa-teja.html - మా యేసూ మా ఆశ మా రాజా మా తేజా
https://www.christiandatahouse.com/2022/01/maaruchunna-samaajamulona-maarani-yuvakulu-levaali.html - మారుచున్న సమాజములోన మారని యువకులు లేవాలి
https://www.christiandatahouse.com/2023/02/maa-vethalu-teere-samasipoye-maadu-daasyam.html - మా వెతలు తీరె సమసిపోయే మాదు దాస్యం
https://www.christiandatahouse.com/2023/02/meeru-bahuga-phalinchinacho-mahima-kalugunu-thandriki.html - మీరు బహుగా ఫలించినచో మహిమ కలుగును తండ్రికి
https://www.christiandatahouse.com/2023/02/meeru-lokaniki-uppai-yunnarani-meeru-lokaniki-velugai-yunnarani.html - మీరు లోకానికి ఉప్పై యున్నారని మీరు లోకానికి వెలుగై యున్నారని
https://www.christiandatahouse.com/2022/01/meluko-viswasi-meluko.html - మేలుకో విశ్వాసి మేలుకో
https://www.christiandatahouse.com/2023/02/modatiga-devuni-raajyamunu-vedakumu-aayana-neethini.html - మొదటిగా దేవుని రాజ్యమును వెదకుము ఆయన నీతిని
https://www.christiandatahouse.com/2023/02/yajamaanudu-vaadukonutaku-arhamaina-paathraga-undutaku.html - యజమానుడు వాడుకొనుటకు అర్హమైన పాత్రగా ఉండుటకు
https://www.christiandatahouse.com/2023/02/yavvanakaalamandu-nee-kaadi-moyudumu.html - యవ్వనకాలమందు నీ కాడి మోయుదుము
https://www.christiandatahouse.com/2023/02/yehova-neeve-balamu-preminthun.html - యెహోవ నీవే బలము ప్రేమింతున్
https://www.christiandatahouse.com/2023/02/yohova-dayaludu-aayanake-kruthaghnathaa-sthuthi-chellinchudi.html - యెహోవా దయాళుడు ఆయనకే కృతజ్ఞతా స్తుతి చెల్లించుడి
https://www.christiandatahouse.com/2023/02/yohova-dayaludu-aayanake-kruthaghnathaa-sthuthi-chellinchudi.html - యెహోవా నాకు వెలుగాయే యెహోవా నాకు రక్షణయే
https://www.christiandatahouse.com/2022/02/yehova-nee-naamamu-entho-balamainadi.html - యెహొవా నీ నామము ఎంతో బలమైనది
https://www.christiandatahouse.com/2023/02/yohovaye-dayaludu-aayananu-sthuthinchedamu.html - యెహోవాయే దయాళుడు ఆయనను స్తుతించెదము
https://www.christiandatahouse.com/2023/02/yesayya-kruthaghnathaasthuthi-neeke-gathakaalamantha-nadipinchinavu.html - యేసయ్యా కృతజ్ఞతాస్తుతి నీకే గతకాలమంతా నడిపించినావు
https://www.christiandatahouse.com/2023/02/yesayya-premamaya-erithi-sthuthiyinthu-neekemi-chellinthu.html - యేసయ్యా ప్రేమామయా ఏరీతి స్తుతియింతు నీకేమి చెల్లింతు
https://www.christiandatahouse.com/2023/02/yesukreesthu-ninnu-pilichenuga-raavela-oh-yuvaka-raavela-oh-yuvathi.html - యేసుక్రీస్తు నిన్ను పిలిచెనుగా రావేల ఓ యువకా రావేల ఓ యువతి
https://www.christiandatahouse.com/2022/02/yesu-kreesthuni-manchi-sishyulamugaa-viswasamutho-saagedamu.html - యేసు క్రీస్తుని మంచి శిష్యులముగా విశ్వాసముతో సాగెదము
https://www.christiandatahouse.com/2023/02/yesudu-rakshakudai-puttenuga-ee-bhuvilo.html - యేసుడు రక్షకుడై పుట్టెనుగా ఈ భువిలో
https://www.christiandatahouse.com/2022/02/yesutho-teeviganu-podamaa-addugaa-vachu-vairi-gelvanu.html - యేసుతో ఠీవిగాను పోదమా! అడ్డుగా వచ్చు వైరి గెల్వను
https://www.christiandatahouse.com/2023/02/yesutho-saagipo-nerchuko-parugunu.html - యేసుతో సాగిపో నేర్చుకో పరుగును
https://www.christiandatahouse.com/2023/02/yesutho-saagipo-yesulo-nilichipo.html - యేసుతో సాగిపో యేసులో నిలిచిపో
https://www.christiandatahouse.com/2023/02/yesu-deva-chesedam-seva-chesedam-seva-maadu-tharamunaku.html - యేసు దేవా చేసెదం సేవ చేసెదం సేవ మాదు తరమునకు
https://www.christiandatahouse.com/2023/02/yesunadhuni-chentha-cherumu-nee-durantha-entha-paapamantha-povunu.html - యేసునాధుని చెంత చేరుము నీ దురంత ఎంత పాపమంత పోవును
https://www.christiandatahouse.com/2023/02/yesuni-gamyam-cherali-jeevitha-viluvalalo.html - యేసుని గమ్యం చేరాలి జీవిత విలువలలో
https://www.christiandatahouse.com/2023/02/yesuni-prema-yesuvartha-vaasiga-chaataga-velludamu.html - యేసుని ప్రేమ యేసువార్త వాసిగ చాటగ వెళ్ళుదము
https://www.christiandatahouse.com/2023/02/yesunodda-nerchukonduma-prabhuni-kaadi-moyumchunduma.html - యేసునొద్ద నేర్చుకొందుమా ప్రభుని కాడి మోయుంచుందుమా
https://www.christiandatahouse.com/2022/02/yesulo-aanandinthunu-siluvalo-athisayinchunu.html - యేసులో ఆనందింతును సిలువలో అతిశయించును
https://www.christiandatahouse.com/2023/02/yesulo-sampoornathanu-saaddhiddham-kreesthulo-paripoornathaku-parugidudaam.html - యేసులో సంపూర్ణతను సాధిద్దాం క్రీస్తులో పరిపూర్ణతకు పరుగిడుదాం
https://www.christiandatahouse.com/2023/02/yesuprabhu-ninu-sthuthiyincheda-bhaasillenu-nee-prema-naapai.html - యేసుప్రభూ నిను స్తుతియించెద భాసిల్లెను నీ ప్రేమ నాపై
https://www.christiandatahouse.com/2023/02/yesu-prabhuva-neelo-nenu-nilichiyundedan.html - యేసు ప్రభువ నీలో నేను నిలిచియుండెదన్
https://www.christiandatahouse.com/2023/02/yesu-prabhuni-sishyudanuga-nesaagedanu.html - యేసు ప్రభుని శిష్యుడనుగా నేసాగెదను
https://www.christiandatahouse.com/2023/02/yesu-priyudaa-aathmanaadhuda-aashrayinthumu-needu-needanu.html - యేసు ప్రియుడా ఆత్మనాధుడా ఆశ్రయింతుము నీదు నీడను
https://www.christiandatahouse.com/2023/02/yesu-raja-neethi-raaja-shanthi-jeeva-daatha.html - యేసు రాజా నీతి రాజా శాంతి దాతా జీవ దాతా
https://www.christiandatahouse.com/2023/02/yesu-raja-ninnu-pilichenu-premathoda-ninnu-korenu.html - యేసురాజు నిన్ను పిలిచెను ప్రేమతోడ నిన్ను కోరెనూ
https://www.christiandatahouse.com/2023/02/yesu-vaipu-chuchuchu-gurini-madini-nilpuchu.html - యేసు వైపు చూచుచు గురిని మదిని నిల్పుచు
https://www.christiandatahouse.com/2023/02/yesu-nee-naamame-madhuram-paapa-vinaasanam.html - యేసు నీ నామమే మధురం పాప వినాశనం
https://www.christiandatahouse.com/2023/02/yesu-neethiraaja-sthothram-neeke-naa-aaradhana.html - యేసూ నీతిరాజ స్తోత్రం నీకే నా ఆరాధన
https://www.christiandatahouse.com/2023/02/yesu-raaja-deva-naa-praana-priyuda-prabhuva.html - యేసూ రాజా దేవా నా ప్రాణ ప్రియుడా ప్రభువా
https://www.christiandatahouse.com/2022/02/rammanuchunnadesu-prabhu-rayamuna-raarandi.html - రమ్మనుచున్నడేసు ప్రభు రయమున రారండి
https://www.christiandatahouse.com/2023/02/raajula-raaja-devadevuda-rajasamutho-nede-teeviga-velasithivi.html - రాజుల రాజా దేవదేవుడా రాజసముతో నేడే ఠీవిగ వెలసితివి
https://www.christiandatahouse.com/2022/02/lekkinchaleni-sthothramul-devaa-yellappudu-ne-paadedan.html - లెక్కించలేని స్తోత్రముల్ దేవా ఎల్లప్పుడూ నే పాడెదన్
https://www.christiandatahouse.com/2023/02/lokamunaku-uppu-lokamunaku-velugu.html - లోకమునకు ఉప్పు లోకమునకు వెలుగు
https://www.christiandatahouse.com/2022/02/lokaalanele-rakshakudu-janminche-eenaade.html - లోకాలనేలే రక్షకుడు జన్మించే ఈనాడే
https://www.christiandatahouse.com/2023/02/vakhyambe-deepamu-vakhyambe-deepamu-nee-vakhyame-naa-yavvana-paadala-deepamu.html - వాక్యంబే దీపము వాక్యంబే దీపము నీ వాక్యమే నా యౌవన పాదాల దీపము
https://www.christiandatahouse.com/2023/02/vakhyamu-korakai-ne-aashakaligi-nee-sannidhilo-kanipettedan.html - వాక్యము కొరకై నే ఆశకలిగి నీ సన్నిధిలో కనిపెట్టెదన్
https://www.christiandatahouse.com/2022/02/vaakhyame-sareera-dhaariai-vasinchenu.html - వాక్యమే శరీర ధారియై వసించెను
https://www.christiandatahouse.com/2023/02/vidhyardhi-oh-vidhyardhi-vyardhamga-gadapaku-nee-jeevitham.html - విద్యార్థి ఓ విద్యార్థి వ్యర్థంగా గడపకు నీ జీవితం
https://www.christiandatahouse.com/2023/02/vidhyardhi-nayakuda-vimalaathma-sevakuda.html - విద్యార్థి నాయకుడా విమలాత్మ సేవకుడా
https://www.christiandatahouse.com/2023/02/virisina-sumamai-parimala-modave-virigina-hrudiye-vilasinche.html - విరిసిన సుమమై పరిమళ మొదవె విరిగిన హృదియే విలసించే
https://www.christiandatahouse.com/2023/02/vembadinthunu-sadaa-yesuni-vamdthundu-yesuboli-jeevinthunu.html - వెంబడింతును సదా యేసుని వందితుండు యేసుబోలి జీవింతును
https://www.christiandatahouse.com/2023/02/vekuvane-priyudaa-hrudaya-veenapai-paadedane-udayageethika.html - వేకువనే ప్రియుడా హృదయ వీణపై పాడెదనే ఉదయగీతిక
https://www.christiandatahouse.com/2023/02/santhi-santhi-santhira-saanthekkada-dorukunura.html - శాంతి శాంతి శాంతిరా శాంతెక్కడ దొరుకునురా
https://www.christiandatahouse.com/2023/02/saashvathamaina-prematho-preminchuchunnanu.html - శాశ్వతమైన ప్రేమతో ప్రేమించుచున్నావు
https://www.christiandatahouse.com/2023/02/sreeyesutho-oka-chinnamaata-chikkulu-deerchunu-vunnamata.html - శ్రీయేసుతో ఒక చిన్నమాట చిక్కులు దీర్చును ఉన్నమాట
https://www.christiandatahouse.com/2023/02/sharonu-puvvu-sowrabha-meevu-sowmyavathiyane-naa-prabhuvu.html - షారోను పువ్వు సౌరభ మీవు సౌమ్యవతియనె నా ప్రభువు
https://www.christiandatahouse.com/2023/02/sanghama-kraisthava-sanghama-kreesthesuni-priya-janaamgama.html - సంఘమా క్రైస్తవ సంఘమా క్రీస్తేసుని ప్రియ జనాంగమా
https://www.christiandatahouse.com/2023/02/sathyavaakhyamun-sariga-bhodhimpaga-nithyadevuda-nee-krupa-nimmayya.html - సత్యవాక్యమున్ సరిగా బోధింపగా నిత్యదేవుడా నీ కృప నిమ్మయ్యా
https://www.christiandatahouse.com/2022/02/santhoshame-neeku-kaavaalaa-enthaina-samayam-vrudhaa-chesthavaa.html - సంతోషమే నీకు కావాలా ఎంతైనా సమయం వృధా చేస్తావా?
https://www.christiandatahouse.com/2023/02/santhoshame-santhoshame-naaku-kaavali-aanandhame-nenu-pondali.html - సంతోషమే సంతోషమే నాకు కావాలి ఆనందమే ఆనందమే నేను పొందాలి
https://www.christiandatahouse.com/2022/02/sandhehamela-samsayamadela-prabhu-yesu-gaayamulanu.html - సందేహమేల సంశయమదేల ప్రభు యేసు గాయములను
https://www.christiandatahouse.com/2023/02/sarvasrushtine-srujiyinchina-thandri-dayaludav-daiva-kumaruda.html - సర్వసృష్టినే సృజియించిన తండ్రి దయాళుడౌ దైవ కుమారుడా
https://www.christiandatahouse.com/2023/02/saagipommu-saagipommu-oh-sodhara-oh-sodari.html - సాగిపొమ్ము! సాగిపొమ్ము ఓ సోదరా! ఓ సోదరీ
https://www.christiandatahouse.com/2023/02/saagipodama-siddipondaga-vega-prabhuyesu-meeda-lakshyamunchudam.html - సాగిపోదమా సిద్ధిపొందగా వేగ ప్రభుయేసు మీద లక్ష్యముంచుదాం
https://www.christiandatahouse.com/2023/02/suroopamaina-sogasaina-neeyandu-ledaye.html - సురూపమైన సొగసైన నీయందు లేదాయే
https://www.christiandatahouse.com/2023/02/suvaartha-goorchi-siggupadanu-sriyesu-naamam-prakatinthunu.html - సువార్త గూర్చి సిగ్గుపడను శ్రీయేసు నామం ప్రకటింతును
https://www.christiandatahouse.com/2022/02/silvalo-naakai-kaarchenu-yesu-rakthamu.html - సిల్వలో నాకై కార్చెను యేసు రక్తము
https://www.christiandatahouse.com/2023/02/simhasana-seenuda-yuda-gothrapu-simhama.html - సింహాసనా సీనుడా యూదా గోత్రపు సింహమా
https://www.christiandatahouse.com/2023/02/sainyamula-kadipathiyagu-deva-nee-nivasamulu-entha-ramyamulu.html - సైన్యముల కధిపతియగు దేవా నీ నివాసములు ఎంత రమ్యములు
https://www.christiandatahouse.com/2023/02/sthuthiki-paathruda-deva-suthuda-maa-prabhu-hitha-dayaluda.html - స్తుతికి పాత్రుడా దేవ సుతుడ మా ప్రభూ హిత దయాళుడా
https://www.christiandatahouse.com/2023/02/sthuthi-mahima-ghantha-neeke-deva-sathathamu-neeke.html - స్తుతి మహిమ ఘనత నీకే దేవా సతతము నీకే
https://www.christiandatahouse.com/2023/02/sthuthiyinchi-poojinthumu-nee-krupa-kanikaramun.html - స్తుతియించి పూజింతుము నీ కృప కనికరమున్
https://www.christiandatahouse.com/2022/02/sthuthiyinchedaa-nee-naamam-devaa-anudhinam.html - స్తుతియించెదా నీ నామం దేవా అనుదినం
https://www.christiandatahouse.com/2023/02/sthuthinthumu-niratham-nee-charitham-bhajinthumu-karamul-jodinthumu.html - స్తుతింతుము నిరతం నీ చరితం భజింతుము కరముల్ జోడింతుము
https://www.christiandatahouse.com/2022/02/sthuthi-sthuthi-sthuthi-sthuthi-sthuthiki-paathrudaa.html - స్తుతి స్తుతి స్తుతి స్తుతి స్తుతికి పాత్రుడా
https://www.christiandatahouse.com/2022/02/sthuthulu-thandri-vandanamulu-vethalu-theerchina-devaa.html - స్తుతులు తండ్రి వందనములు వెతలు తీర్చిన దేవా
https://www.christiandatahouse.com/2023/02/sthuthulaku-paathrudagu-yesu-maa-sthuthulanu-andhuko.html - స్తుతులకు పాత్రుండగు యేసు మా స్తుతులను అందుకో
https://www.christiandatahouse.com/2023/02/sthothrinthumu-sthothrinthumu-yesunadhuda-sthothrinthumu.html - స్తోత్రింతుము స్తోత్రింతుము యేసునాధుడా స్తోత్రింతుము
https://www.christiandatahouse.com/2022/02/snehithudaa-raavaa-yesuni-chera.html - స్నేహితుడా రావా యేసుని చేర
https://www.christiandatahouse.com/2022/02/snehithudu-praana-priyudu-ithade-naa-priya-snehuthudu.html - స్నేహితుడు ప్రాణ ప్రియుడు ఇతడే నా ప్రియ స్నేహితుడు
https://www.christiandatahouse.com/2022/02/hallelujah-yesu-prabhun-yellaru-sthuthiyinchudi.html - హల్లెలూయ యేసు ప్రభున్ యెల్లరు స్తుతియించుడి
https://www.christiandatahouse.com/2022/02/hallulujah-sthuthi-mahima-yellappudu-devuni-kichedamu.html - హల్లెలూయ స్తుతి మహిమ ఎల్లప్పుడు దేవుని కిచ్చెదము
https://www.christiandatahouse.com/2023/02/halleluya-sthothram-yellappudu-thandrike.html - హల్లెలూయా స్తోత్రం ఎల్లప్పుడు తండ్రికే
https://www.christiandatahouse.com/2023/02/halleluya-halleluya-sthothramulu.html - హల్లెలుయా హల్లెలుయా స్తోత్రములు
https://www.christiandatahouse.com/2023/02/hrudayam-veliginchu-deva-nee-koraku-prakashinchunatlu.html - హృదయం వెలిగించు దేవా నీ కొరకు ప్రకాశించునట్లు
https://www.christiandatahouse.com/2023/02/hethuvu-leni-prema-yesu-kalvary-prema.html - హేతువు లేని ప్రేమ యేసు కల్వరి ప్రేమ


Downloading song https://www.christiandatahouse.com/2023/02/anjoorapu-chetllu-pooyakundinanu-drakshachetllu-phalimpakanu.html
Downloading song https://www.christiandatahouse.com/2023/02/antha-noothaname-yesulo-antha-noothaname.html
Downloading song https://www.christiandatahouse.com/2023/02/andari-prabhuvu-aa-yese-sundara-rakshakudaayese.html
Downloading song https://www.christiandatahouse.com/2023/02/andala-aashakiranam-dendaala-chikati-baapen.html
Downloading song https://www.christiandatahouse.com/2023/02/adigo-bahumanamu-kreesthu-chentha-nunnadi.html
Downloading song https://www.christiandatahouse.com/2023/02/advitheeya-sathyadevudu-kreesthese-nithyajeevamu.html
Downloading song https://www.christiandatahouse.com/2023/02/anudinam-ninu-dhyaninthunmu-anukshanam-ninu-sthuthiyinthumu.html
Downloading song https://www.christiandatahouse.com/2023/02/apavithrathaku-dooramuga-meeru-paaripovudi.html
Downloading song https://www.christiandatahouse.com/2023/02/apavithrathanu-dooraparachumu.html
Downloading song https://www.christiandatahouse.com/2023/02/arpinthu-deva-pranaathmadeham.html
Downloading song https://www.christiandatahouse.com/2023/02/arerare-nedo-repo-vasthadesayya.html
Downloading song https://www.christiandatahouse.com/2023/02/alfha-omega-aacharyudaa.html
Downloading song https://www.christiandatahouse.com/2023/02/aakaasamulu-devuni-mahima.html
Downloading song https://www.christiandatahouse.com/2023/02/aa-jaali-premanu-gamanimpakunduvaa.html
Downloading song https://www.christiandatahouse.com/2023/02/aadyantha-rahithuda-aacharyaroopudaaa.html
Downloading song https://www.christiandatahouse.com/2023/02/aadi-anantha-devude-needu-balamai-nilchunu.html
Downloading song https://www.christiandatahouse.com/2023/02/aananada-geethamulu-paadi-aashirvadam-aadharana-pondi.html
Downloading song https://www.christiandatahouse.com/2023/02/aaradhana-aaradhana-aaradhana-aaradhana-sarvalokadhipathiki-aaradhana.html
Downloading song https://www.christiandatahouse.com/2023/02/aaradhana-sthuthi-aaradhana-aaradhana-neeke-aaradhana.html
Downloading song https://www.christiandatahouse.com/2023/02/aaradhana-sthuthi-paathruda-yesaiah-yereethi-ninu-ne-prasthuthinchedanu.html
Downloading song https://www.christiandatahouse.com/2022/02/aaradhinthumu-sthuthinchedamu-aa-prabhu-thyaagamun.html
Downloading song https://www.christiandatahouse.com/2023/02/aacharyamaina-prema-kalvarylo-nee-prema.html
Downloading song https://www.christiandatahouse.com/2023/02/aha-mahanandame-iha-parambulan.html
Downloading song https://www.christiandatahouse.com/2023/02/idhi-kothaku-samayam-pani-vaari-tharunam.html
Downloading song https://www.christiandatahouse.com/2022/02/idhigo-devaa-naa-jeevitham-aapaadamasthakam-neekankitham.html
Downloading song https://www.christiandatahouse.com/2023/02/idhigo-naa-sevakudu-aathmapoornudu.html
Downloading song https://www.christiandatahouse.com/2023/02/idhigo-mee-raaju-yethenchu-chunnadu.html
Downloading song https://www.christiandatahouse.com/2023/02/idhi-nijamu-yesu-jananam-ee-dharalo-idhi-charitham.html
Downloading song https://www.christiandatahouse.com/2023/02/idhi-rakshana-krupakaalam-prabhu-kadaboora-samayam.html
Downloading song https://www.christiandatahouse.com/2021/12/idhedinam-idhedinam-prabhu-chesinadi.html
Downloading song https://www.christiandatahouse.com/2021/12/unnattu-nenu-vachedan.html
Downloading song https://www.christiandatahouse.com/2021/12/unnathamaina-sthalamulo-unnavada-maa-deva.html
Downloading song https://www.christiandatahouse.com/2021/12/unnapaatuna-vachuchunnanu-nee-paada.html
Downloading song https://www.christiandatahouse.com/2021/12/vuhalakandani-lokamlo-vunnatha-simhaseenuda.html
Downloading song https://www.christiandatahouse.com/2023/02/entha-dooramu-anthuleni-teeramu.html
Downloading song https://www.christiandatahouse.com/2023/02/yedugumu-yesuni-gnanamulo-yedugumu-prabhu-krupalo.html
Downloading song https://www.christiandatahouse.com/2023/02/eruguduva-neevu-sodara-eruguduva-neevu-sodari.html
Downloading song https://www.christiandatahouse.com/2023/02/enno-mellanu-neevu-chesavule-entho-vedhana-tholaginchaavule.html
Downloading song https://www.christiandatahouse.com/2023/02/evaro-paapamandu-nilichaaru-evaro-yesu-pilupu-maricharu.html
Downloading song https://www.christiandatahouse.com/2023/02/evarainanu-yesayyanu-vembadimpagorin.html
retrying translate for song text below:
Downloading song https://www.christiandatahouse.com/2023/02/yedenu-thotalo-aadamu-chesina-paapam.html
Downloading song https://www.christiandatahouse.com/2023/02/yemanchi-leni-nannu-preminchaavu-nee-pranamicchi-nannu-rakshinchaavu.html
Downloading song https://www.christiandatahouse.com/2021/12/oke-oka-maarghamu-oke-aadhaaramu.html
Downloading song https://www.christiandatahouse.com/2023/02/oh-deva-yesayya-naa-hrudayam-nee-nilayam.html
Downloading song https://www.christiandatahouse.com/2023/02/oh-prabhu-yesu-neeve-daivam-neeve-jeevam.html
Downloading song https://www.christiandatahouse.com/2023/02/0h-prabhu-yesayya-nee-paada-sannidhi-sreshtamainadi.html
Downloading song https://www.christiandatahouse.com/2021/12/oh-prardhana-su-prardhana-nee-prabhavambun-marathunaa.html
Downloading song https://www.christiandatahouse.com/2023/02/oh-prema-swaroopa-oh-prema-swaroopa.html
Downloading song https://www.christiandatahouse.com/2023/02/oh-niraashajeevi-neekika-aashale-migala-ledha.html
Downloading song https://www.christiandatahouse.com/2023/02/oh-yesudeva-maa-jeevana-daatha.html
Downloading song https://www.christiandatahouse.com/2023/02/oh-yesu-nee-prema-entho-mahaneeyamu.html
Downloading song https://www.christiandatahouse.com/2023/02/oranna-oranna-yesuku-saati-vere-leranna.html
Downloading song https://www.christiandatahouse.com/2022/02/oh-vishwaasa-veerudaa-yemaaye-needu-payanamu.html
Downloading song https://www.christiandatahouse.com/2023/02/kadaboora-mroguthundi-aamegham-vanguthundi.html
Downloading song https://www.christiandatahouse.com/2023/02/kadugumu-deva-kadu-dayatho-nannu-juduma.html
Downloading song https://www.christiandatahouse.com/2023/02/kadalirammu-kraisthava-yuvaka-kalasi-rammu-kreesthuraju-sevalo.html
Downloading song https://www.christiandatahouse.com/2021/12/kannulanetti-pairula-chudu-koyaga-lerevvaru.html
Downloading song https://www.christiandatahouse.com/2023/02/kalasi-jeevinchedam-kalasi-panichesedam-kalasi-prardhinchedam-maadeva.html
Downloading song https://www.christiandatahouse.com/2022/03/kaluvari-giri-nundi-pilichina-naa-yesu.html
Downloading song https://www.christiandatahouse.com/2021/12/calvarygirilona-silvalo-sriyesu.html
Downloading song https://www.christiandatahouse.com/2023/02/kaaru-chikati-krammina-jagathilo-chirudivvega-nee-kaanthi-nandimpa.html
Downloading song https://www.christiandatahouse.com/2023/02/kalejilo-cheranu-leziga-maaraanu.html
Downloading song https://www.christiandatahouse.com/2021/12/kummari-oh-kummari-jagaduthppatthidaari.html
Downloading song https://www.christiandatahouse.com/2021/12/kruthaghnathan-talavanchi-naadu-jeevamu-arpinthunu.html
Downloading song https://www.christiandatahouse.com/2023/02/krupa-kanikaramula-deva-neekai-paadeda-sthuthi-geethamul.html
Downloading song https://www.christiandatahouse.com/2023/02/krupabharithunda-yesu-nee-premane-sthuthiyinthu.html
Downloading song https://www.christiandatahouse.com/2021/12/krupaamayudaa-neelona-nivasimpajesinandhunaa.html
Downloading song https://www.christiandatahouse.com/2023/02/kriyalu-leni-vishvasamu-mruthamu-oh-sodhara.html
Downloading song https://www.christiandatahouse.com/2023/02/kreesthuni-vembadimpa-gorina-yuvakuda.html
Downloading song https://www.christiandatahouse.com/2021/12/kreesthuni-swaramu-vindunu-prabhuve-palikinappudu.html
Downloading song https://www.christiandatahouse.com/2023/02/kreesthesuni-sainikulam-priyaprabhuni-sevakulam.html
Downloading song https://www.christiandatahouse.com/2023/02/kreesthesulo-ikhyatha-korudama.html
Downloading song https://www.christiandatahouse.com/2023/02/kraisthavama-yuvatharama-prabhuniyande-niluvuma.html
Downloading song https://www.christiandatahouse.com/2023/02/kraisthava-meluko-kreesthulo-ninnu-chuchuko.html
Downloading song https://www.christiandatahouse.com/2021/12/gaganame-cheelchukoni-yesu-ghanulanu-theesikoni.html
Downloading song https://www.christiandatahouse.com/2021/12/ghadaandhakaaramulo-ne-nadachina-velalo-kanti-paapavale.html
Downloading song https://www.christiandatahouse.com/2023/02/goppadeva-nadipinchumu-aranyamulo-yathrikudanu.html
Downloading song https://www.christiandatahouse.com/2022/02/ghanadaiva-diviteja-darsinchumu-mahimaathmatho.html
Downloading song https://www.christiandatahouse.com/2023/02/challa-challani-gaali-thummeda-hoo-hoo-hoo.html
Downloading song https://www.christiandatahouse.com/2021/12/chaatinchudi-manushyajaathi-kesu-naamamu.html
Downloading song https://www.christiandatahouse.com/2021/12/chikati-kaalamu-vachuchunde.html
Downloading song https://www.christiandatahouse.com/2021/12/chudumu-ee-kshename-calvaryni.html
Downloading song https://www.christiandatahouse.com/2023/02/chudumu-opapi-siluvalo-nee-paapam.html
Downloading song https://www.christiandatahouse.com/2023/02/cheyi-cheyi-kalipi-yesu-manasunu-kaligi.html
Downloading song https://www.christiandatahouse.com/2023/02/cheri-kolvudi-sthuthinchudi-sriyesuni.html
Downloading song https://www.christiandatahouse.com/2023/02/jagathini-preminchi-pranamu-pettina-premamayudaa.html
Downloading song https://www.christiandatahouse.com/2023/02/jaya-geethametthi-paadare-vijaya-bherine-mroyimpare.html
Downloading song https://www.christiandatahouse.com/2023/02/jayamani-padedam-vijayamu-chaatedam.html
Downloading song https://www.christiandatahouse.com/2023/02/jayamani-paadedamu-yesuni-chaatedamu.html
Downloading song https://www.christiandatahouse.com/2023/02/jayamu-kreesthu-jaya-jaya-livigo.html
Downloading song https://www.christiandatahouse.com/2021/12/jaya-vijayamani-paadudamaa-jaya-vijayudagu-yesunaku.html
Downloading song https://www.christiandatahouse.com/2021/12/jeevanadhini-naa-hrudhayamulo-pravahimpa-cheyumaya.html
Downloading song https://www.christiandatahouse.com/2023/02/jeevamu-neeve-nakai-chaavaga-naapaapambadi-entho-ghoram-deva.html
Downloading song https://www.christiandatahouse.com/2021/12/jeevinchuchunnadu-yesuprabhu.html
Downloading song https://www.christiandatahouse.com/2022/02/jeevithamanthaa-nee-prema-gaanam-pranuthinthumo-devaa.html
Downloading song https://www.christiandatahouse.com/2023/02/jeevithamuna-tanara-devuni-parimala-monara.html
Downloading song https://www.christiandatahouse.com/2021/12/jeevitha-yathralo-naadu-guri-neevegaa.html
Downloading song https://www.christiandatahouse.com/2023/02/thandriki-priyamaina-pillalam-munduku-saagi-velledam.html
Downloading song https://www.christiandatahouse.com/2021/12/thandri-kumara-suddhathumudaa-thriyeka-devudaa.html
Downloading song https://www.christiandatahouse.com/2023/02/thandri-nanu-pampinatlu-nenu-mimmunu.html
Downloading song https://www.christiandatahouse.com/2021/12/thanuvu-naa-didigo-gai-konumee-yo-prabhuvaa.html
Downloading song https://www.christiandatahouse.com/2022/02/thalliyaina-marachunemo-nenu-maruvanu.html
Downloading song https://www.christiandatahouse.com/2023/02/teliyuna-neeku-oh-maanava-yesu-paapula-rakshakudu-ani.html
Downloading song https://www.christiandatahouse.com/2023/02/drakshavalli-prabhuyesu-teegavale-nenundunu.html
Downloading song https://www.christiandatahouse.com/2021/12/dinadinabu-yesuku-daggaragaa-cheruthaa.html
Downloading song https://www.christiandatahouse.com/2022/02/dhooramarigina-chinni-thanayaa-thandri-intiki-maraliraa.html
Downloading song https://www.christiandatahouse.com/2021/12/deva-samsthuthi-cheyave-manasaa.html
Downloading song https://www.christiandatahouse.com/2023/02/deva-koniyadi-paadi-keerthinthumu-sthuthiyinthumu.html
Downloading song https://www.christiandatahouse.com/2023/02/deva-nee-athidhiga-nenundagalanaa.html
Downloading song https://www.christiandatahouse.com/2023/02/deva-nee-kaaryamulu-entha-yadhbhuthamulu.html
Downloading song https://www.christiandatahouse.com/2023/02/deva-nee-naamam-paavana-dhaamam.html
Downloading song https://www.christiandatahouse.com/2021/12/devaa-nee-naamam-balamainadi-nee-naamam.html
Downloading song https://www.christiandatahouse.com/2022/02/devudu-chesina-dinamide-ninnati-repati-vale-kaadu.html
retrying translate for song text below:
Downloading song https://www.christiandatahouse.com/2023/02/devudokadunnadani-aalochinchavaa.html
Downloading song https://www.christiandatahouse.com/2023/02/devuni-yodutha-yogyuniga-neevu-eppudu-kanabaduma.html
Downloading song https://www.christiandatahouse.com/2023/02/devuni-koraku-naa-pranamu-trushnagonuchunnadi.html
Downloading song https://www.christiandatahouse.com/2022/02/devunitho-jatha-panivaaramu-rayamuna-saagedamu.html
Downloading song https://www.christiandatahouse.com/2023/02/devuni-pilupunu-vinumu-parishuddhapilupadi-chudu.html
Downloading song https://www.christiandatahouse.com/2023/02/devuni-priyamagu-janangama-suvaartha-sevalo-saaguduma.html
Downloading song https://www.christiandatahouse.com/2021/12/devuni-vaarasulam-prema-nivaasulamu.html
Downloading song https://www.christiandatahouse.com/2023/02/dehamunu-devuniki-sajeeva-yaagamugaanu.html
Downloading song https://www.christiandatahouse.com/2022/02/daiva-darshanam-korumu-daiva-mahimanu-vedakumu.html
Downloading song https://www.christiandatahouse.com/2023/02/daivasuthuni-premakanna-minna-yemunnadi.html
Downloading song https://www.christiandatahouse.com/2023/02/daivasotthayina-janama-lemmu.html
Downloading song https://www.christiandatahouse.com/2021/12/daivam-prema-swaroopam-premaku-bhashyam.html
Downloading song https://www.christiandatahouse.com/2023/02/dharmashashthramu-devuni-hasthamu-thodunilabadunu.html
Downloading song https://www.christiandatahouse.com/2023/02/nadichedan-deva-nenu-nadichedan-deva.html
Downloading song https://www.christiandatahouse.com/2022/01/nadipinchu-naa-naava-nadi-sandhramuna-deva.html
Downloading song https://www.christiandatahouse.com/2022/02/najarethuvaadaa-ninnu-chudaali-naa-yesunaadhaa-ninnu-cheraali.html
Downloading song https://www.christiandatahouse.com/2023/02/nannu-preminchuchunnaavaa-nannu-preminchuchunnaavaa.html
Downloading song https://www.christiandatahouse.com/2023/02/nannu-preminchuchunnaavaa-nannu-preminchuchunnaavaa.html
Downloading song https://www.christiandatahouse.com/2022/02/nasinchu-aathmalenno-naa-chenthane-yundagaa.html
Downloading song https://www.christiandatahouse.com/2023/02/nashiyinchu-aathmalu-nee-chentha-nunda-gamaninchava-sodara.html
Downloading song https://www.christiandatahouse.com/2023/02/nashiyinchu-aathmalenniyo-chejari-povuchundaga.html
Downloading song https://www.christiandatahouse.com/2023/02/naakaanandamu-kaaranamide-paapabhaaramanthapoyenu.html
Downloading song https://www.christiandatahouse.com/2023/02/naakemi-koduva-inka-yesayya.html
Downloading song https://www.christiandatahouse.com/2023/02/naakai-cheelchabadina-oh-anantha-nagama.html
Downloading song https://www.christiandatahouse.com/2022/01/naa-jeevam-naa-sarvam-neeve-deva.html
Downloading song https://www.christiandatahouse.com/2022/01/naa-jeevitha-vyadhalandu-yese-javaabu.html
Downloading song https://www.christiandatahouse.com/2023/02/naa-pranama-nee-vela-krungithivi.html
Downloading song https://www.christiandatahouse.com/2023/02/naa-priyamaina-sodaruda-prabhuvu-nandu-kumaruda.html
Downloading song https://www.christiandatahouse.com/2023/02/naa-priyayesu-naa-prabhuyesu.html
Downloading song https://www.christiandatahouse.com/2022/01/naa-priya-yesu-raajaa-aaduko-nannepudu.html
Downloading song https://www.christiandatahouse.com/2022/01/naa-pere-teliyani-prajalu-endharo-vunnaru.html
Downloading song https://www.christiandatahouse.com/2022/02/naa-yesuni-premakannaa-minna-yemunnadi.html
Downloading song https://www.christiandatahouse.com/2023/02/naa-yesu-prema-entho-madhuram.html
Downloading song https://www.christiandatahouse.com/2023/02/-naa-yodda-nerchukonudi-naa-kaadine-yetthi-konudi.html
Downloading song https://www.christiandatahouse.com/2023/02/naa-rakshakudesu-sajeevunde-sthothram-halleluya.html
Downloading song https://www.christiandatahouse.com/2023/02/ninginela-maarina-maarani-vaakhyam.html
Downloading song https://www.christiandatahouse.com/2023/02/nithyam-nadichedam-nee-baatalo.html
Downloading song https://www.christiandatahouse.com/2023/02/ninu-pilichina-vaadagu-yesu-naadhudu-parishuddhudu.html
Downloading song https://www.christiandatahouse.com/2022/01/ninnu-vembadincheda-nee-kaadi-moyudun.html
Downloading song https://www.christiandatahouse.com/2022/01/ninne-preminthunu-ninne-preminthunu-ninne-preminthunu.html
Downloading song https://www.christiandatahouse.com/2023/02/niratham-neeke-sthuthi-sthothramul-yesu-naa-raaja-naa-deva.html
Downloading song https://www.christiandatahouse.com/2023/02/nireekshanatho-panicheyudamu-rakshana-vaarthanu-chaatedamu.html
Downloading song https://www.christiandatahouse.com/2023/02/nilakada-konasagedama-parishudda-lekhanamulayandu.html
Downloading song https://www.christiandatahouse.com/2023/02/nee-krupaye-nannu-karuninchenu-nee-maatale-nannu-brathikinchenu.html
Downloading song https://www.christiandatahouse.com/2023/02/neeke-sthothramulu-deva-neeke-sthothramulu.html
Downloading song https://www.christiandatahouse.com/2023/02/nee-chitthame-nee-chitthame-nee-chitthame-siddhinchu-prabhu.html
Downloading song https://www.christiandatahouse.com/2023/02/nee-jeevitham-kshanabhanguram-nee-yavvanam-thrunapraayam.html
Downloading song https://www.christiandatahouse.com/2022/01/nee-jeevithamlo-gamyambuyedo-okasari-yochinchavaa.html
Downloading song https://www.christiandatahouse.com/2022/01/nee-jeevitham-viluvainadi-yenaadu-yemaaraku.html
Downloading song https://www.christiandatahouse.com/2022/01/neeti-yuta-yodda-naata-badithivi.html
Downloading song https://www.christiandatahouse.com/2023/02/neethi-nivasinche-lokamlo-kreesthu-paalinche-raajyamulo.html
Downloading song https://www.christiandatahouse.com/2022/01/neethimanthula-praardhana-devudaalakinchunu.html
Downloading song https://www.christiandatahouse.com/2022/01/neethimanthula-praardhana-devudaalakinchunu.html
Downloading song https://www.christiandatahouse.com/2023/02/nee-priya-prabhuni-sevakai-arpinchuko-neeve.html
Downloading song https://www.christiandatahouse.com/2023/02/nee-prema-batalo-ne-payanincheda-naa-yesuraja.html
Downloading song https://www.christiandatahouse.com/2023/02/nee-prema-nee-shakthi-neeve-naalona.html
Downloading song https://www.christiandatahouse.com/2023/02/nee-preme-naakentho-madhuram-nee-maate-naakentho-jeevam.html
Downloading song https://www.christiandatahouse.com/2023/02/nee-bhayamandu-nadichedamu-prabhuva-neelo-jeevinthumu.html
Downloading song https://www.christiandatahouse.com/2022/02/nee-raksthamulo-nanu-kadigithivi-parishuddhuni-chesithivi.html
Downloading song https://www.christiandatahouse.com/2023/02/nee-vaakhyamu-naa-paadamulaku-deepamu-deepamu.html
Downloading song https://www.christiandatahouse.com/2023/02/nee-vaakhyame-naadu-jeevamu-nee-pilupe-naa-dhyanamu.html
Downloading song https://www.christiandatahouse.com/2022/01/neevu-chesina-vupakaaramulaku-nenemi-chellinthunu.html
Downloading song https://www.christiandatahouse.com/2023/02/neeve-neeve-inthakaalam-kaachithivi-deva.html
Downloading song https://www.christiandatahouse.com/2023/02/neeve-yesayya-neevenayya-maranamu-gelichina-veeduda-neevayya.html
Downloading song https://www.christiandatahouse.com/2023/02/nee-sotthu-nenenayya-yesayya.html
Downloading song https://www.christiandatahouse.com/2023/02/noothana-darisanamimmu-prabhuva.html
Downloading song https://www.christiandatahouse.com/2023/02/nenunu-naa-intivaarunu-yehovanu-sevinchedamu.html
Downloading song https://www.christiandatahouse.com/2023/02/ne-yesune-koreda-chereda-ne-yesutho-saageda-nadicheda.html
Downloading song https://www.christiandatahouse.com/2023/02/nerchukondunu-ne-nerchukondunu.html
Downloading song https://www.christiandatahouse.com/2023/02/ne-saageda-yesuni-maarghamulo-ne-paadeda-hosanna-helleluya.html
Downloading song https://www.christiandatahouse.com/2022/02/padandi-podaam-padandi-podaam-kreesthuni-sishyulaamugaa.html
Downloading song https://www.christiandatahouse.com/2022/01/parama-jeevamu-naaku-nivva-thirigi-lechenu-naathonundaa.html
Downloading song https://www.christiandatahouse.com/2022/01/parama-thandri-karamuletthi-sthuthula-narpinthumu.html
Downloading song https://www.christiandatahouse.com/2023/02/parama-thandri-ninnu-keerthinthunu.html
Downloading song https://www.christiandatahouse.com/2023/02/paramandali-deva-parishudda-prabhuva-yesayya-sthothramaya.html
Downloading song https://www.christiandatahouse.com/2023/02/paraloka-dwaramu-terachi-aathmabhishekamu-nimmu.html
Downloading song https://www.christiandatahouse.com/2023/02/paralokamu-nodali-naralokamu-ketenchi-dharaaralamuna-nadichina-deva.html
Downloading song https://www.christiandatahouse.com/2023/02/parinathi-leni-nee-hrudayam-phalamulu-leni-jeevitham.html
Downloading song https://www.christiandatahouse.com/2023/02/parishudda-janama-paraloka-janama.html
Downloading song https://www.christiandatahouse.com/2022/02/parishudda-devaa-paraloka-nivaasa-paadeda-sthuthi-neeke-parama-dhoothalatho.html
Downloading song https://www.christiandatahouse.com/2023/02/parishuddhamuga-ila-jeevincheda-pavithra-parachukondu-naa-devaa.html
Downloading song https://www.christiandatahouse.com/2023/02/parishuddhamuga-jeevinchedanu-paralokapu-nee-pilipunaku.html
Downloading song https://www.christiandatahouse.com/2023/02/parishudhaathma-rammu-parishudhaathma-rammu.html
Downloading song https://www.christiandatahouse.com/2023/02/parishuddhuda-paripurnuda-paraloka-teja-paramonnatha.html
Downloading song https://www.christiandatahouse.com/2023/02/parishodinthunu-paatinchedanu-prakatinthunu-deva-nee-jeeva-vaakhyamunu.html
Downloading song https://www.christiandatahouse.com/2022/01/paadeda-deva-nee-krupalan-noothana-geethamulan.html
Downloading song https://www.christiandatahouse.com/2022/01/paapaaniki-jeetham-maranam-paapiki-yese-seranam.html
Downloading song https://www.christiandatahouse.com/2022/02/paapaala-bhaarambu-mosi-parithaapa-mondeti-prajala.html
Downloading song https://www.christiandatahouse.com/2022/01/pondithini-nenu-prabhuvaa-nee-nundi.html
Downloading song https://www.christiandatahouse.com/2023/02/prathi-udayamuna-sadayuni-cheri-prardinchi-prabhuni-stuthiyinchumu.html
Downloading song https://www.christiandatahouse.com/2023/02/prabhukreesthy-nijadaivamu-vibhudesu-sajeevudu.html
Downloading song https://www.christiandatahouse.com/2023/02/prabhu-panilo-nilachi-yundi-sthiramuga-konasaageda.html
Downloading song https://www.christiandatahouse.com/2023/02/prabhu-yesu-aagamanam-adi-devuni-aadheenam.html
Downloading song https://www.christiandatahouse.com/2023/02/prabhuva-deva-parama-thanaya-mahima-ghanatha-sthuthi-neeke.html
Downloading song https://www.christiandatahouse.com/2023/02/prabhuva-nee-divya-prema-sakalabicchenu.html
Downloading song https://www.christiandatahouse.com/2023/02/prabhuva-nee-sishyudanu-neethone-yundedanu.html
Downloading song https://www.christiandatahouse.com/2022/02/prabhuvaa-pampumu-prabhuvaa-nimpumu.html
Downloading song https://www.christiandatahouse.com/2023/02/prabhuva-prabhuva-prabhuva-parishudda-talampulanu.html
Downloading song https://www.christiandatahouse.com/2023/02/prabhuva-sahayamu-nimmu-vibhuda-nee-sannidhi-nimmu.html
Downloading song https://www.christiandatahouse.com/2022/01/praardhana-vinedi-paavanudaa-praardhana-maaku-nerpumayaa.html
Downloading song https://www.christiandatahouse.com/2022/02/priya-yesunaadha-pani-cheya-nerpu.html
Downloading song https://www.christiandatahouse.com/2023/02/priya-yesuni-sainyapu-veerulamu-prabhuyesutho-nadachedamu.html
Downloading song https://www.christiandatahouse.com/2023/02/prematho-sathyamutho-kreesthesunboli-eduguma.html
Downloading song https://www.christiandatahouse.com/2023/02/prema-swaroopi-yesuni-cheredava-koredava.html
Downloading song https://www.christiandatahouse.com/2023/02/preminchi-poojinchedam-keerthinchi-ghanaparachedam.html
Downloading song https://www.christiandatahouse.com/2023/02/bhavitharaniki-baataga-levali-nee-saakhshyam.html
Downloading song https://www.christiandatahouse.com/2023/02/manchi-devuda-neeve-maarpunondani-deva.html
Downloading song https://www.christiandatahouse.com/2023/02/mana-desham-kanaanu-desham.html
Downloading song https://www.christiandatahouse.com/2023/02/manamandaramu-kalasi-prabhu-sannidhilo-nilichi.html
Downloading song https://www.christiandatahouse.com/2022/01/mandalo-cherani-gorrelenno-kotla-koladigaa-kalavu-ila.html
Downloading song https://www.christiandatahouse.com/2023/02/mahadeva-mahonnthuda-anantha-aadi-amaravaani.html
Downloading song https://www.christiandatahouse.com/2023/02/maraninchi-samaadhi-gelichi-dharaleche-prabhundegadaa.html
Downloading song https://www.christiandatahouse.com/2023/02/marala-kattudamu-randi-yuvathi-yuvakulaaraa.html
Downloading song https://www.christiandatahouse.com/2023/02/mahima-kaanthilo-madhura-shaanthilo-jeevimparammu.html
Downloading song https://www.christiandatahouse.com/2023/02/mahimaanvitha-yesu-mahaghanudaa.html
Downloading song https://www.christiandatahouse.com/2023/02/maa-yesu-maa-aasha-maa-raja-maa-teja.html
Downloading song https://www.christiandatahouse.com/2022/01/maaruchunna-samaajamulona-maarani-yuvakulu-levaali.html
Downloading song https://www.christiandatahouse.com/2023/02/maa-vethalu-teere-samasipoye-maadu-daasyam.html
Downloading song https://www.christiandatahouse.com/2023/02/meeru-bahuga-phalinchinacho-mahima-kalugunu-thandriki.html
Downloading song https://www.christiandatahouse.com/2023/02/meeru-lokaniki-uppai-yunnarani-meeru-lokaniki-velugai-yunnarani.html
Downloading song https://www.christiandatahouse.com/2022/01/meluko-viswasi-meluko.html
Downloading song https://www.christiandatahouse.com/2023/02/modatiga-devuni-raajyamunu-vedakumu-aayana-neethini.html
Downloading song https://www.christiandatahouse.com/2023/02/yajamaanudu-vaadukonutaku-arhamaina-paathraga-undutaku.html
Downloading song https://www.christiandatahouse.com/2023/02/yavvanakaalamandu-nee-kaadi-moyudumu.html
Downloading song https://www.christiandatahouse.com/2023/02/yehova-neeve-balamu-preminthun.html
Downloading song https://www.christiandatahouse.com/2023/02/yohova-dayaludu-aayanake-kruthaghnathaa-sthuthi-chellinchudi.html
Downloading song https://www.christiandatahouse.com/2023/02/yohova-dayaludu-aayanake-kruthaghnathaa-sthuthi-chellinchudi.html
Downloading song https://www.christiandatahouse.com/2022/02/yehova-nee-naamamu-entho-balamainadi.html
Downloading song https://www.christiandatahouse.com/2023/02/yohovaye-dayaludu-aayananu-sthuthinchedamu.html
Downloading song https://www.christiandatahouse.com/2023/02/yesayya-kruthaghnathaasthuthi-neeke-gathakaalamantha-nadipinchinavu.html
Downloading song https://www.christiandatahouse.com/2023/02/yesayya-premamaya-erithi-sthuthiyinthu-neekemi-chellinthu.html
Downloading song https://www.christiandatahouse.com/2023/02/yesukreesthu-ninnu-pilichenuga-raavela-oh-yuvaka-raavela-oh-yuvathi.html
Downloading song https://www.christiandatahouse.com/2022/02/yesu-kreesthuni-manchi-sishyulamugaa-viswasamutho-saagedamu.html
Downloading song https://www.christiandatahouse.com/2023/02/yesudu-rakshakudai-puttenuga-ee-bhuvilo.html
Downloading song https://www.christiandatahouse.com/2022/02/yesutho-teeviganu-podamaa-addugaa-vachu-vairi-gelvanu.html
Downloading song https://www.christiandatahouse.com/2023/02/yesutho-saagipo-nerchuko-parugunu.html
Downloading song https://www.christiandatahouse.com/2023/02/yesutho-saagipo-yesulo-nilichipo.html
Downloading song https://www.christiandatahouse.com/2023/02/yesu-deva-chesedam-seva-chesedam-seva-maadu-tharamunaku.html
Downloading song https://www.christiandatahouse.com/2023/02/yesunadhuni-chentha-cherumu-nee-durantha-entha-paapamantha-povunu.html
Downloading song https://www.christiandatahouse.com/2023/02/yesuni-gamyam-cherali-jeevitha-viluvalalo.html
Downloading song https://www.christiandatahouse.com/2023/02/yesuni-prema-yesuvartha-vaasiga-chaataga-velludamu.html
Downloading song https://www.christiandatahouse.com/2023/02/yesunodda-nerchukonduma-prabhuni-kaadi-moyumchunduma.html
Downloading song https://www.christiandatahouse.com/2022/02/yesulo-aanandinthunu-siluvalo-athisayinchunu.html
Downloading song https://www.christiandatahouse.com/2023/02/yesulo-sampoornathanu-saaddhiddham-kreesthulo-paripoornathaku-parugidudaam.html
Downloading song https://www.christiandatahouse.com/2023/02/yesuprabhu-ninu-sthuthiyincheda-bhaasillenu-nee-prema-naapai.html
Downloading song https://www.christiandatahouse.com/2023/02/yesu-prabhuva-neelo-nenu-nilichiyundedan.html
Downloading song https://www.christiandatahouse.com/2023/02/yesu-prabhuni-sishyudanuga-nesaagedanu.html
Downloading song https://www.christiandatahouse.com/2023/02/yesu-priyudaa-aathmanaadhuda-aashrayinthumu-needu-needanu.html
Downloading song https://www.christiandatahouse.com/2023/02/yesu-raja-neethi-raaja-shanthi-jeeva-daatha.html
Downloading song https://www.christiandatahouse.com/2023/02/yesu-raja-ninnu-pilichenu-premathoda-ninnu-korenu.html
Downloading song https://www.christiandatahouse.com/2023/02/yesu-vaipu-chuchuchu-gurini-madini-nilpuchu.html
Downloading song https://www.christiandatahouse.com/2023/02/yesu-nee-naamame-madhuram-paapa-vinaasanam.html
Downloading song https://www.christiandatahouse.com/2023/02/yesu-neethiraaja-sthothram-neeke-naa-aaradhana.html
Downloading song https://www.christiandatahouse.com/2023/02/yesu-raaja-deva-naa-praana-priyuda-prabhuva.html
Downloading song https://www.christiandatahouse.com/2022/02/rammanuchunnadesu-prabhu-rayamuna-raarandi.html
Downloading song https://www.christiandatahouse.com/2023/02/raajula-raaja-devadevuda-rajasamutho-nede-teeviga-velasithivi.html
Downloading song https://www.christiandatahouse.com/2022/02/lekkinchaleni-sthothramul-devaa-yellappudu-ne-paadedan.html
Downloading song https://www.christiandatahouse.com/2023/02/lokamunaku-uppu-lokamunaku-velugu.html
Downloading song https://www.christiandatahouse.com/2022/02/lokaalanele-rakshakudu-janminche-eenaade.html
Downloading song https://www.christiandatahouse.com/2023/02/vakhyambe-deepamu-vakhyambe-deepamu-nee-vakhyame-naa-yavvana-paadala-deepamu.html
Downloading song https://www.christiandatahouse.com/2023/02/vakhyamu-korakai-ne-aashakaligi-nee-sannidhilo-kanipettedan.html
Downloading song https://www.christiandatahouse.com/2022/02/vaakhyame-sareera-dhaariai-vasinchenu.html
Downloading song https://www.christiandatahouse.com/2023/02/vidhyardhi-oh-vidhyardhi-vyardhamga-gadapaku-nee-jeevitham.html
Downloading song https://www.christiandatahouse.com/2023/02/vidhyardhi-nayakuda-vimalaathma-sevakuda.html
Downloading song https://www.christiandatahouse.com/2023/02/virisina-sumamai-parimala-modave-virigina-hrudiye-vilasinche.html
Downloading song https://www.christiandatahouse.com/2023/02/vembadinthunu-sadaa-yesuni-vamdthundu-yesuboli-jeevinthunu.html
Downloading song https://www.christiandatahouse.com/2023/02/vekuvane-priyudaa-hrudaya-veenapai-paadedane-udayageethika.html
Downloading song https://www.christiandatahouse.com/2023/02/santhi-santhi-santhira-saanthekkada-dorukunura.html
Downloading song https://www.christiandatahouse.com/2023/02/saashvathamaina-prematho-preminchuchunnanu.html
Downloading song https://www.christiandatahouse.com/2023/02/sreeyesutho-oka-chinnamaata-chikkulu-deerchunu-vunnamata.html
Downloading song https://www.christiandatahouse.com/2023/02/sharonu-puvvu-sowrabha-meevu-sowmyavathiyane-naa-prabhuvu.html
Downloading song https://www.christiandatahouse.com/2023/02/sanghama-kraisthava-sanghama-kreesthesuni-priya-janaamgama.html
Downloading song https://www.christiandatahouse.com/2023/02/sathyavaakhyamun-sariga-bhodhimpaga-nithyadevuda-nee-krupa-nimmayya.html
Downloading song https://www.christiandatahouse.com/2022/02/santhoshame-neeku-kaavaalaa-enthaina-samayam-vrudhaa-chesthavaa.html
Downloading song https://www.christiandatahouse.com/2023/02/santhoshame-santhoshame-naaku-kaavali-aanandhame-nenu-pondali.html
Downloading song https://www.christiandatahouse.com/2022/02/sandhehamela-samsayamadela-prabhu-yesu-gaayamulanu.html
Downloading song https://www.christiandatahouse.com/2023/02/sarvasrushtine-srujiyinchina-thandri-dayaludav-daiva-kumaruda.html
Downloading song https://www.christiandatahouse.com/2023/02/saagipommu-saagipommu-oh-sodhara-oh-sodari.html
Downloading song https://www.christiandatahouse.com/2023/02/saagipodama-siddipondaga-vega-prabhuyesu-meeda-lakshyamunchudam.html
Downloading song https://www.christiandatahouse.com/2023/02/suroopamaina-sogasaina-neeyandu-ledaye.html
Downloading song https://www.christiandatahouse.com/2023/02/suvaartha-goorchi-siggupadanu-sriyesu-naamam-prakatinthunu.html
Downloading song https://www.christiandatahouse.com/2022/02/silvalo-naakai-kaarchenu-yesu-rakthamu.html
Downloading song https://www.christiandatahouse.com/2023/02/simhasana-seenuda-yuda-gothrapu-simhama.html
Downloading song https://www.christiandatahouse.com/2023/02/sainyamula-kadipathiyagu-deva-nee-nivasamulu-entha-ramyamulu.html
Downloading song https://www.christiandatahouse.com/2023/02/sthuthiki-paathruda-deva-suthuda-maa-prabhu-hitha-dayaluda.html
Downloading song https://www.christiandatahouse.com/2023/02/sthuthi-mahima-ghantha-neeke-deva-sathathamu-neeke.html
Downloading song https://www.christiandatahouse.com/2023/02/sthuthiyinchi-poojinthumu-nee-krupa-kanikaramun.html
Downloading song https://www.christiandatahouse.com/2022/02/sthuthiyinchedaa-nee-naamam-devaa-anudhinam.html
Downloading song https://www.christiandatahouse.com/2023/02/sthuthinthumu-niratham-nee-charitham-bhajinthumu-karamul-jodinthumu.html
Downloading song https://www.christiandatahouse.com/2022/02/sthuthi-sthuthi-sthuthi-sthuthi-sthuthiki-paathrudaa.html
Downloading song https://www.christiandatahouse.com/2022/02/sthuthulu-thandri-vandanamulu-vethalu-theerchina-devaa.html
Downloading song https://www.christiandatahouse.com/2023/02/sthuthulaku-paathrudagu-yesu-maa-sthuthulanu-andhuko.html
Downloading song https://www.christiandatahouse.com/2023/02/sthothrinthumu-sthothrinthumu-yesunadhuda-sthothrinthumu.html
Downloading song https://www.christiandatahouse.com/2022/02/snehithudaa-raavaa-yesuni-chera.html
Downloading song https://www.christiandatahouse.com/2022/02/snehithudu-praana-priyudu-ithade-naa-priya-snehuthudu.html
Downloading song https://www.christiandatahouse.com/2022/02/hallelujah-yesu-prabhun-yellaru-sthuthiyinchudi.html
Downloading song https://www.christiandatahouse.com/2022/02/hallulujah-sthuthi-mahima-yellappudu-devuni-kichedamu.html
Downloading song https://www.christiandatahouse.com/2023/02/halleluya-sthothram-yellappudu-thandrike.html
Downloading song https://www.christiandatahouse.com/2023/02/halleluya-halleluya-sthothramulu.html
Downloading song https://www.christiandatahouse.com/2023/02/hrudayam-veliginchu-deva-nee-koraku-prakashinchunatlu.html
Downloading song https://www.christiandatahouse.com/2023/02/hethuvu-leni-prema-yesu-kalvary-prema.html

Process finished with exit code 0
